#
# A fatal error has been detected by the Java Runtime Environment:
#
#  EXCEPTION_ACCESS_VIOLATION (0xc0000005) at pc=0x00007ffd7d3a3190, pid=21392, tid=20388
#
# JRE version: OpenJDK Runtime Environment Corretto-11.0.16.8.1 (11.0.16+8) (build 11.0.16+8-LTS)
# Java VM: OpenJDK 64-Bit Server VM Corretto-11.0.16.8.1 (11.0.16+8-LTS, mixed mode, tiered, compressed oops, g1 gc, windows-amd64)
# Problematic frame:
# C  [nvoglv64.dll+0x1293190]
#
# No core dump will be written. Minidumps are not enabled by default on client versions of Windows
#
# If you would like to submit a bug report, please visit:
#   https://github.com/corretto/corretto-11/issues/
# The crash happened outside the Java Virtual Machine in native code.
# See problematic frame for where to report the bug.
#

---------------  S U M M A R Y ------------

Command Line: -Dfile.encoding=windows-31j -Duser.country=US -Duser.language=en -Duser.variant SimpleCylinder

Host: AMD Ryzen 7 3700X 8-Core Processor             , 16 cores, 15G,  Windows 11 , 64 bit Build 22000 (10.0.22000.708)
Time: Fri Nov 18 02:40:37 2022 Caucasus Standard Time elapsed time: 0.684109 seconds (0d 0h 0m 0s)

---------------  T H R E A D  ---------------

Current thread (0x0000020a1a9ed800):  JavaThread "main" [_thread_in_native, id=20388, stack(0x0000006cc5400000,0x0000006cc5500000)]

Stack: [0x0000006cc5400000,0x0000006cc5500000],  sp=0x0000006cc54fed78,  free space=1019k
Native frames: (J=compiled Java code, j=interpreted, Vv=VM code, C=native code)
C  [nvoglv64.dll+0x1293190]

Java frames: (J=compiled Java code, j=interpreted, Vv=VM code)
j  org.lwjgl.opengl.GL11C.nglDrawElements(IIIJ)V+0
j  org.lwjgl.opengl.GL11C.glDrawElements(IIIJ)V+4
j  org.lwjgl.opengl.GL11.glDrawElements(IIIJ)V+4
j  SimpleCylinder.loop()V+635
j  SimpleCylinder.run()V+5
j  SimpleCylinder.main([Ljava/lang/String;)V+7
v  ~StubRoutines::call_stub

siginfo: EXCEPTION_ACCESS_VIOLATION (0xc0000005), reading address 0x0000000000000000


Register to memory mapping:

RIP=0x00007ffd7d3a3190 nvoglv64.dll
RAX=0x0000000000022006 is an unknown value
RBX=0x0000020a43f4fff0 points into unknown readable memory: 0x0000000600022006 | 06 20 02 00 06 00 00 00
RCX=0x0000020a43f5000c points into unknown readable memory: 00 00 00 00
RDX=0x0 is NULL
RSP=0x0000006cc54fed78 is pointing into the stack for thread: 0x0000020a1a9ed800
RBP=0x0000000000000044 is an unknown value
RSI=0x0000000000000006 is an unknown value
RDI=0x0000020a4111e080 points into unknown readable memory: 0x0000000000000000 | 00 00 00 00 00 00 00 00
R8 =0x0000000000000018 is an unknown value
R9 =0x0000020a43f4fff0 points into unknown readable memory: 0x0000000600022006 | 06 20 02 00 06 00 00 00
R10=0x0 is NULL
R11=0x0000020a43f5000c points into unknown readable memory: 00 00 00 00
R12=0x0000000000000006 is an unknown value
R13=0x0000000000001405 is an unknown value
R14=0x0000000000000018 is an unknown value
R15=0x0 is NULL


Registers:
RAX=0x0000000000022006, RBX=0x0000020a43f4fff0, RCX=0x0000020a43f5000c, RDX=0x0000000000000000
RSP=0x0000006cc54fed78, RBP=0x0000000000000044, RSI=0x0000000000000006, RDI=0x0000020a4111e080
R8 =0x0000000000000018, R9 =0x0000020a43f4fff0, R10=0x0000000000000000, R11=0x0000020a43f5000c
R12=0x0000000000000006, R13=0x0000000000001405, R14=0x0000000000000018, R15=0x0000000000000000
RIP=0x00007ffd7d3a3190, EFLAGS=0x0000000000010283

Top of Stack: (sp=0x0000006cc54fed78)
0x0000006cc54fed78:   00007ffd7ca4fc7c 0000020a1a9ed800
0x0000006cc54fed88:   0000020a1a9ed800 0000020a2315a527
0x0000006cc54fed98:   00007ffd7fc26ecc 0000006cc54fedc0
0x0000006cc54feda8:   0000020a1876d210 0000020a440af500
0x0000006cc54fedb8:   0000020a2319ce1d 0000020a4711ff98
0x0000006cc54fedc8:   0000020a1a9ed800 0000020a2315a527
0x0000006cc54fedd8:   0000020a2315f5c0 0000020a1a9ed800
0x0000006cc54fede8:   0000020a4711ff98 0000000000000000
0x0000006cc54fedf8:   0000020a2315a527 0000020a440af500
0x0000006cc54fee08:   0000020a2315f777 0000006cc54feea0
0x0000006cc54fee18:   00007ffd7fe85e00 0000006cc54feee0
0x0000006cc54fee28:   0000020a4711ff98 0000020a00001405
0x0000006cc54fee38:   0000000000000000 0000020a440af500
0x0000006cc54fee48:   00007ffd7fe7f3bf 0000020a2315f416
0x0000006cc54fee58:   0000006cc54fee58 0000020a4711ff98
0x0000006cc54fee68:   0000006cc54feee0 0000020a4712ac30 

Instructions: (pc=0x00007ffd7d3a3190)
0x00007ffd7d3a3090:   33 c0 c3 1b c0 83 d8 ff c3 90 49 c1 e9 02 74 37
0x00007ffd7d3a30a0:   48 8b 01 48 3b 04 11 75 5b 48 8b 41 08 48 3b 44
0x00007ffd7d3a30b0:   11 08 75 4c 48 8b 41 10 48 3b 44 11 10 75 3d 48
0x00007ffd7d3a30c0:   8b 41 18 48 3b 44 11 18 75 2e 48 83 c1 20 49 ff
0x00007ffd7d3a30d0:   c9 75 cd 49 83 e0 1f 4d 8b c8 49 c1 e9 03 74 9b
0x00007ffd7d3a30e0:   48 8b 01 48 3b 04 11 75 1b 48 83 c1 08 49 ff c9
0x00007ffd7d3a30f0:   75 ee 49 83 e0 07 eb 83 48 83 c1 08 48 83 c1 08
0x00007ffd7d3a3100:   48 83 c1 08 48 8b 0c 0a 48 0f c8 48 0f c9 48 3b
0x00007ffd7d3a3110:   c1 1b c0 83 d8 ff c3 cc cc cc cc cc cc cc cc cc
0x00007ffd7d3a3120:   cc cc cc cc cc cc 66 66 0f 1f 84 00 00 00 00 00
0x00007ffd7d3a3130:   57 56 49 8b c3 48 8b f9 49 8b c8 49 8b f2 f3 a4
0x00007ffd7d3a3140:   5e 5f c3 cc cc cc cc cc cc 0f 1f 80 00 00 00 00
0x00007ffd7d3a3150:   4c 8b d9 4c 8b d2 49 83 f8 10 76 54 49 83 f8 20
0x00007ffd7d3a3160:   76 2e 48 2b d1 73 0d 4b 8d 04 10 48 3b c8 0f 82
0x00007ffd7d3a3170:   dc 02 00 00 49 81 f8 80 00 00 00 0f 86 0f 02 00
0x00007ffd7d3a3180:   00 f6 05 78 f5 d6 01 02 0f 84 52 01 00 00 eb a0
0x00007ffd7d3a3190:   0f 10 02 42 0f 10 4c 02 f0 0f 11 01 42 0f 11 4c
0x00007ffd7d3a31a0:   01 f0 48 8b c1 c3 66 66 0f 1f 84 00 00 00 00 00
0x00007ffd7d3a31b0:   48 8b c1 4c 8d 0d 46 ce d6 fe 43 8b 8c 81 10 5a
0x00007ffd7d3a31c0:   16 03 49 03 c9 ff e1 66 0f 1f 84 00 00 00 00 00
0x00007ffd7d3a31d0:   c3 0f b7 0a 66 89 08 c3 48 8b 0a 48 89 08 c3 0f
0x00007ffd7d3a31e0:   b7 0a 44 0f b6 42 02 66 89 08 44 88 40 02 c3 0f
0x00007ffd7d3a31f0:   b6 0a 88 08 c3 f3 0f 6f 02 f3 0f 7f 00 c3 66 90
0x00007ffd7d3a3200:   4c 8b 02 0f b7 4a 08 44 0f b6 4a 0a 4c 89 00 66
0x00007ffd7d3a3210:   89 48 08 44 88 48 0a c3 8b 0a 89 08 c3 0f 1f 00
0x00007ffd7d3a3220:   8b 0a 44 0f b6 42 04 89 08 44 88 40 04 c3 66 90
0x00007ffd7d3a3230:   8b 0a 44 0f b7 42 04 89 08 66 44 89 40 04 c3 90
0x00007ffd7d3a3240:   8b 0a 44 0f b7 42 04 44 0f b6 4a 06 89 08 66 44
0x00007ffd7d3a3250:   89 40 04 44 88 48 06 c3 4c 8b 02 8b 4a 08 44 0f
0x00007ffd7d3a3260:   b6 4a 0c 4c 89 00 89 48 08 44 88 48 0c c3 66 90
0x00007ffd7d3a3270:   4c 8b 02 0f b6 4a 08 4c 89 00 88 48 08 c3 66 90
0x00007ffd7d3a3280:   4c 8b 02 0f b7 4a 08 4c 89 00 66 89 48 08 c3 90 


Stack slot to memory mapping:
stack at sp + 0 slots: 0x00007ffd7ca4fc7c nvoglv64.dll
stack at sp + 1 slots: 0x0000020a1a9ed800 is a thread
stack at sp + 2 slots: 0x0000020a1a9ed800 is a thread
stack at sp + 3 slots: 0x0000020a2315a527 is at code_begin+2343 in an Interpreter codelet
invoke return entry points  [0x0000020a23159c00, 0x0000020a2315a600]  2560 bytes
stack at sp + 4 slots: 0x00007ffd7fc26ecc jvm.dll
stack at sp + 5 slots: 0x0000006cc54fedc0 is pointing into the stack for thread: 0x0000020a1a9ed800
stack at sp + 6 slots: 0x0000020a1876d210 points into unknown readable memory: 0x0000000000000002 | 02 00 00 00 00 00 00 00
stack at sp + 7 slots: 0x0000020a440af500 points into unknown readable memory: 0x00000000401a8279 | 79 82 1a 40 00 00 00 00


---------------  P R O C E S S  ---------------

Threads class SMR info:
_java_thread_list=0x0000020a3fd469c0, length=11, elements={
0x0000020a1a9ed800, 0x0000020a3f291800, 0x0000020a3fb4d800, 0x0000020a3fbab800,
0x0000020a3fbac800, 0x0000020a3fbae000, 0x0000020a3f292000, 0x0000020a3f29b800,
0x0000020a3fbb6800, 0x0000020a3fd15000, 0x0000020a3fd67800
}

Java Threads: ( => current thread )
=>0x0000020a1a9ed800 JavaThread "main" [_thread_in_native, id=20388, stack(0x0000006cc5400000,0x0000006cc5500000)]
  0x0000020a3f291800 JavaThread "Reference Handler" daemon [_thread_blocked, id=11028, stack(0x0000006cc5b00000,0x0000006cc5c00000)]
  0x0000020a3fb4d800 JavaThread "Finalizer" daemon [_thread_blocked, id=9320, stack(0x0000006cc5c00000,0x0000006cc5d00000)]
  0x0000020a3fbab800 JavaThread "Signal Dispatcher" daemon [_thread_blocked, id=16828, stack(0x0000006cc5d00000,0x0000006cc5e00000)]
  0x0000020a3fbac800 JavaThread "Attach Listener" daemon [_thread_blocked, id=10224, stack(0x0000006cc5e00000,0x0000006cc5f00000)]
  0x0000020a3fbae000 JavaThread "Service Thread" daemon [_thread_blocked, id=12728, stack(0x0000006cc5f00000,0x0000006cc6000000)]
  0x0000020a3f292000 JavaThread "C2 CompilerThread0" daemon [_thread_blocked, id=17168, stack(0x0000006cc6000000,0x0000006cc6100000)]
  0x0000020a3f29b800 JavaThread "C1 CompilerThread0" daemon [_thread_blocked, id=14956, stack(0x0000006cc6100000,0x0000006cc6200000)]
  0x0000020a3fbb6800 JavaThread "Sweeper thread" daemon [_thread_blocked, id=9344, stack(0x0000006cc6200000,0x0000006cc6300000)]
  0x0000020a3fd15000 JavaThread "C1 CompilerThread1" daemon [_thread_blocked, id=18524, stack(0x0000006cc6300000,0x0000006cc6400000)]
  0x0000020a3fd67800 JavaThread "Common-Cleaner" daemon [_thread_blocked, id=9640, stack(0x0000006cc6500000,0x0000006cc6600000)]

Other Threads:
  0x0000020a3f28e800 VMThread "VM Thread" [stack: 0x0000006cc5a00000,0x0000006cc5b00000] [id=24076]
  0x0000020a3fd65800 WatcherThread [stack: 0x0000006cc6400000,0x0000006cc6500000] [id=23832]
  0x0000020a1aa05000 GCTaskThread "GC Thread#0" [stack: 0x0000006cc5500000,0x0000006cc5600000] [id=12848]
  0x0000020a1aa66000 ConcurrentGCThread "G1 Main Marker" [stack: 0x0000006cc5600000,0x0000006cc5700000] [id=2532]
  0x0000020a1aa67800 ConcurrentGCThread "G1 Conc#0" [stack: 0x0000006cc5700000,0x0000006cc5800000] [id=13864]
  0x0000020a3f179000 ConcurrentGCThread "G1 Refine#0" [stack: 0x0000006cc5800000,0x0000006cc5900000] [id=3816]
  0x0000020a3f17a000 ConcurrentGCThread "G1 Young RemSet Sampling" [stack: 0x0000006cc5900000,0x0000006cc5a00000] [id=9508]

Threads with active compile tasks:

VM state:not at safepoint (normal execution)

VM Mutex/Monitor currently owned by a thread: None

Heap address: 0x0000000701400000, size: 4076 MB, Compressed Oops mode: Zero based, Oop shift amount: 3
Narrow klass base: 0x0000000800000000, Narrow klass shift: 0
Compressed class space size: 1073741824 Address: 0x0000000800000000

Heap:
 garbage-first heap   total 262144K, used 11264K [0x0000000701400000, 0x0000000800000000)
  region size 1024K, 13 young (13312K), 0 survivors (0K)
 Metaspace       used 12218K, capacity 12363K, committed 12416K, reserved 1060864K
  class space    used 829K, capacity 892K, committed 896K, reserved 1048576K
Heap Regions: E=young(eden), S=young(survivor), O=old, HS=humongous(starts), HC=humongous(continues), CS=collection set, F=free, A=archive, TAMS=top-at-mark-start (previous, next)
|   0|0x0000000701400000, 0x0000000701400000, 0x0000000701500000|  0%| F|  |TAMS 0x0000000701400000, 0x0000000701400000| Untracked 
|   1|0x0000000701500000, 0x0000000701500000, 0x0000000701600000|  0%| F|  |TAMS 0x0000000701500000, 0x0000000701500000| Untracked 
|   2|0x0000000701600000, 0x0000000701600000, 0x0000000701700000|  0%| F|  |TAMS 0x0000000701600000, 0x0000000701600000| Untracked 
|   3|0x0000000701700000, 0x0000000701700000, 0x0000000701800000|  0%| F|  |TAMS 0x0000000701700000, 0x0000000701700000| Untracked 
|   4|0x0000000701800000, 0x0000000701800000, 0x0000000701900000|  0%| F|  |TAMS 0x0000000701800000, 0x0000000701800000| Untracked 
|   5|0x0000000701900000, 0x0000000701900000, 0x0000000701a00000|  0%| F|  |TAMS 0x0000000701900000, 0x0000000701900000| Untracked 
|   6|0x0000000701a00000, 0x0000000701a00000, 0x0000000701b00000|  0%| F|  |TAMS 0x0000000701a00000, 0x0000000701a00000| Untracked 
|   7|0x0000000701b00000, 0x0000000701b00000, 0x0000000701c00000|  0%| F|  |TAMS 0x0000000701b00000, 0x0000000701b00000| Untracked 
|   8|0x0000000701c00000, 0x0000000701c00000, 0x0000000701d00000|  0%| F|  |TAMS 0x0000000701c00000, 0x0000000701c00000| Untracked 
|   9|0x0000000701d00000, 0x0000000701d00000, 0x0000000701e00000|  0%| F|  |TAMS 0x0000000701d00000, 0x0000000701d00000| Untracked 
|  10|0x0000000701e00000, 0x0000000701e00000, 0x0000000701f00000|  0%| F|  |TAMS 0x0000000701e00000, 0x0000000701e00000| Untracked 
|  11|0x0000000701f00000, 0x0000000701f00000, 0x0000000702000000|  0%| F|  |TAMS 0x0000000701f00000, 0x0000000701f00000| Untracked 
|  12|0x0000000702000000, 0x0000000702000000, 0x0000000702100000|  0%| F|  |TAMS 0x0000000702000000, 0x0000000702000000| Untracked 
|  13|0x0000000702100000, 0x0000000702100000, 0x0000000702200000|  0%| F|  |TAMS 0x0000000702100000, 0x0000000702100000| Untracked 
|  14|0x0000000702200000, 0x0000000702200000, 0x0000000702300000|  0%| F|  |TAMS 0x0000000702200000, 0x0000000702200000| Untracked 
|  15|0x0000000702300000, 0x0000000702300000, 0x0000000702400000|  0%| F|  |TAMS 0x0000000702300000, 0x0000000702300000| Untracked 
|  16|0x0000000702400000, 0x0000000702400000, 0x0000000702500000|  0%| F|  |TAMS 0x0000000702400000, 0x0000000702400000| Untracked 
|  17|0x0000000702500000, 0x0000000702500000, 0x0000000702600000|  0%| F|  |TAMS 0x0000000702500000, 0x0000000702500000| Untracked 
|  18|0x0000000702600000, 0x0000000702600000, 0x0000000702700000|  0%| F|  |TAMS 0x0000000702600000, 0x0000000702600000| Untracked 
|  19|0x0000000702700000, 0x0000000702700000, 0x0000000702800000|  0%| F|  |TAMS 0x0000000702700000, 0x0000000702700000| Untracked 
|  20|0x0000000702800000, 0x0000000702800000, 0x0000000702900000|  0%| F|  |TAMS 0x0000000702800000, 0x0000000702800000| Untracked 
|  21|0x0000000702900000, 0x0000000702900000, 0x0000000702a00000|  0%| F|  |TAMS 0x0000000702900000, 0x0000000702900000| Untracked 
|  22|0x0000000702a00000, 0x0000000702a00000, 0x0000000702b00000|  0%| F|  |TAMS 0x0000000702a00000, 0x0000000702a00000| Untracked 
|  23|0x0000000702b00000, 0x0000000702b00000, 0x0000000702c00000|  0%| F|  |TAMS 0x0000000702b00000, 0x0000000702b00000| Untracked 
|  24|0x0000000702c00000, 0x0000000702c00000, 0x0000000702d00000|  0%| F|  |TAMS 0x0000000702c00000, 0x0000000702c00000| Untracked 
|  25|0x0000000702d00000, 0x0000000702d00000, 0x0000000702e00000|  0%| F|  |TAMS 0x0000000702d00000, 0x0000000702d00000| Untracked 
|  26|0x0000000702e00000, 0x0000000702e00000, 0x0000000702f00000|  0%| F|  |TAMS 0x0000000702e00000, 0x0000000702e00000| Untracked 
|  27|0x0000000702f00000, 0x0000000702f00000, 0x0000000703000000|  0%| F|  |TAMS 0x0000000702f00000, 0x0000000702f00000| Untracked 
|  28|0x0000000703000000, 0x0000000703000000, 0x0000000703100000|  0%| F|  |TAMS 0x0000000703000000, 0x0000000703000000| Untracked 
|  29|0x0000000703100000, 0x0000000703100000, 0x0000000703200000|  0%| F|  |TAMS 0x0000000703100000, 0x0000000703100000| Untracked 
|  30|0x0000000703200000, 0x0000000703200000, 0x0000000703300000|  0%| F|  |TAMS 0x0000000703200000, 0x0000000703200000| Untracked 
|  31|0x0000000703300000, 0x0000000703300000, 0x0000000703400000|  0%| F|  |TAMS 0x0000000703300000, 0x0000000703300000| Untracked 
|  32|0x0000000703400000, 0x0000000703400000, 0x0000000703500000|  0%| F|  |TAMS 0x0000000703400000, 0x0000000703400000| Untracked 
|  33|0x0000000703500000, 0x0000000703500000, 0x0000000703600000|  0%| F|  |TAMS 0x0000000703500000, 0x0000000703500000| Untracked 
|  34|0x0000000703600000, 0x0000000703600000, 0x0000000703700000|  0%| F|  |TAMS 0x0000000703600000, 0x0000000703600000| Untracked 
|  35|0x0000000703700000, 0x0000000703700000, 0x0000000703800000|  0%| F|  |TAMS 0x0000000703700000, 0x0000000703700000| Untracked 
|  36|0x0000000703800000, 0x0000000703800000, 0x0000000703900000|  0%| F|  |TAMS 0x0000000703800000, 0x0000000703800000| Untracked 
|  37|0x0000000703900000, 0x0000000703900000, 0x0000000703a00000|  0%| F|  |TAMS 0x0000000703900000, 0x0000000703900000| Untracked 
|  38|0x0000000703a00000, 0x0000000703a00000, 0x0000000703b00000|  0%| F|  |TAMS 0x0000000703a00000, 0x0000000703a00000| Untracked 
|  39|0x0000000703b00000, 0x0000000703b00000, 0x0000000703c00000|  0%| F|  |TAMS 0x0000000703b00000, 0x0000000703b00000| Untracked 
|  40|0x0000000703c00000, 0x0000000703c00000, 0x0000000703d00000|  0%| F|  |TAMS 0x0000000703c00000, 0x0000000703c00000| Untracked 
|  41|0x0000000703d00000, 0x0000000703d00000, 0x0000000703e00000|  0%| F|  |TAMS 0x0000000703d00000, 0x0000000703d00000| Untracked 
|  42|0x0000000703e00000, 0x0000000703e00000, 0x0000000703f00000|  0%| F|  |TAMS 0x0000000703e00000, 0x0000000703e00000| Untracked 
|  43|0x0000000703f00000, 0x0000000703f00000, 0x0000000704000000|  0%| F|  |TAMS 0x0000000703f00000, 0x0000000703f00000| Untracked 
|  44|0x0000000704000000, 0x0000000704000000, 0x0000000704100000|  0%| F|  |TAMS 0x0000000704000000, 0x0000000704000000| Untracked 
|  45|0x0000000704100000, 0x0000000704100000, 0x0000000704200000|  0%| F|  |TAMS 0x0000000704100000, 0x0000000704100000| Untracked 
|  46|0x0000000704200000, 0x0000000704200000, 0x0000000704300000|  0%| F|  |TAMS 0x0000000704200000, 0x0000000704200000| Untracked 
|  47|0x0000000704300000, 0x0000000704300000, 0x0000000704400000|  0%| F|  |TAMS 0x0000000704300000, 0x0000000704300000| Untracked 
|  48|0x0000000704400000, 0x0000000704400000, 0x0000000704500000|  0%| F|  |TAMS 0x0000000704400000, 0x0000000704400000| Untracked 
|  49|0x0000000704500000, 0x0000000704500000, 0x0000000704600000|  0%| F|  |TAMS 0x0000000704500000, 0x0000000704500000| Untracked 
|  50|0x0000000704600000, 0x0000000704600000, 0x0000000704700000|  0%| F|  |TAMS 0x0000000704600000, 0x0000000704600000| Untracked 
|  51|0x0000000704700000, 0x0000000704700000, 0x0000000704800000|  0%| F|  |TAMS 0x0000000704700000, 0x0000000704700000| Untracked 
|  52|0x0000000704800000, 0x0000000704800000, 0x0000000704900000|  0%| F|  |TAMS 0x0000000704800000, 0x0000000704800000| Untracked 
|  53|0x0000000704900000, 0x0000000704900000, 0x0000000704a00000|  0%| F|  |TAMS 0x0000000704900000, 0x0000000704900000| Untracked 
|  54|0x0000000704a00000, 0x0000000704a00000, 0x0000000704b00000|  0%| F|  |TAMS 0x0000000704a00000, 0x0000000704a00000| Untracked 
|  55|0x0000000704b00000, 0x0000000704b00000, 0x0000000704c00000|  0%| F|  |TAMS 0x0000000704b00000, 0x0000000704b00000| Untracked 
|  56|0x0000000704c00000, 0x0000000704c00000, 0x0000000704d00000|  0%| F|  |TAMS 0x0000000704c00000, 0x0000000704c00000| Untracked 
|  57|0x0000000704d00000, 0x0000000704d00000, 0x0000000704e00000|  0%| F|  |TAMS 0x0000000704d00000, 0x0000000704d00000| Untracked 
|  58|0x0000000704e00000, 0x0000000704e00000, 0x0000000704f00000|  0%| F|  |TAMS 0x0000000704e00000, 0x0000000704e00000| Untracked 
|  59|0x0000000704f00000, 0x0000000704f00000, 0x0000000705000000|  0%| F|  |TAMS 0x0000000704f00000, 0x0000000704f00000| Untracked 
|  60|0x0000000705000000, 0x0000000705000000, 0x0000000705100000|  0%| F|  |TAMS 0x0000000705000000, 0x0000000705000000| Untracked 
|  61|0x0000000705100000, 0x0000000705100000, 0x0000000705200000|  0%| F|  |TAMS 0x0000000705100000, 0x0000000705100000| Untracked 
|  62|0x0000000705200000, 0x0000000705200000, 0x0000000705300000|  0%| F|  |TAMS 0x0000000705200000, 0x0000000705200000| Untracked 
|  63|0x0000000705300000, 0x0000000705300000, 0x0000000705400000|  0%| F|  |TAMS 0x0000000705300000, 0x0000000705300000| Untracked 
|  64|0x0000000705400000, 0x0000000705400000, 0x0000000705500000|  0%| F|  |TAMS 0x0000000705400000, 0x0000000705400000| Untracked 
|  65|0x0000000705500000, 0x0000000705500000, 0x0000000705600000|  0%| F|  |TAMS 0x0000000705500000, 0x0000000705500000| Untracked 
|  66|0x0000000705600000, 0x0000000705600000, 0x0000000705700000|  0%| F|  |TAMS 0x0000000705600000, 0x0000000705600000| Untracked 
|  67|0x0000000705700000, 0x0000000705700000, 0x0000000705800000|  0%| F|  |TAMS 0x0000000705700000, 0x0000000705700000| Untracked 
|  68|0x0000000705800000, 0x0000000705800000, 0x0000000705900000|  0%| F|  |TAMS 0x0000000705800000, 0x0000000705800000| Untracked 
|  69|0x0000000705900000, 0x0000000705900000, 0x0000000705a00000|  0%| F|  |TAMS 0x0000000705900000, 0x0000000705900000| Untracked 
|  70|0x0000000705a00000, 0x0000000705a00000, 0x0000000705b00000|  0%| F|  |TAMS 0x0000000705a00000, 0x0000000705a00000| Untracked 
|  71|0x0000000705b00000, 0x0000000705b00000, 0x0000000705c00000|  0%| F|  |TAMS 0x0000000705b00000, 0x0000000705b00000| Untracked 
|  72|0x0000000705c00000, 0x0000000705c00000, 0x0000000705d00000|  0%| F|  |TAMS 0x0000000705c00000, 0x0000000705c00000| Untracked 
|  73|0x0000000705d00000, 0x0000000705d00000, 0x0000000705e00000|  0%| F|  |TAMS 0x0000000705d00000, 0x0000000705d00000| Untracked 
|  74|0x0000000705e00000, 0x0000000705e00000, 0x0000000705f00000|  0%| F|  |TAMS 0x0000000705e00000, 0x0000000705e00000| Untracked 
|  75|0x0000000705f00000, 0x0000000705f00000, 0x0000000706000000|  0%| F|  |TAMS 0x0000000705f00000, 0x0000000705f00000| Untracked 
|  76|0x0000000706000000, 0x0000000706000000, 0x0000000706100000|  0%| F|  |TAMS 0x0000000706000000, 0x0000000706000000| Untracked 
|  77|0x0000000706100000, 0x0000000706100000, 0x0000000706200000|  0%| F|  |TAMS 0x0000000706100000, 0x0000000706100000| Untracked 
|  78|0x0000000706200000, 0x0000000706200000, 0x0000000706300000|  0%| F|  |TAMS 0x0000000706200000, 0x0000000706200000| Untracked 
|  79|0x0000000706300000, 0x0000000706300000, 0x0000000706400000|  0%| F|  |TAMS 0x0000000706300000, 0x0000000706300000| Untracked 
|  80|0x0000000706400000, 0x0000000706400000, 0x0000000706500000|  0%| F|  |TAMS 0x0000000706400000, 0x0000000706400000| Untracked 
|  81|0x0000000706500000, 0x0000000706500000, 0x0000000706600000|  0%| F|  |TAMS 0x0000000706500000, 0x0000000706500000| Untracked 
|  82|0x0000000706600000, 0x0000000706600000, 0x0000000706700000|  0%| F|  |TAMS 0x0000000706600000, 0x0000000706600000| Untracked 
|  83|0x0000000706700000, 0x0000000706700000, 0x0000000706800000|  0%| F|  |TAMS 0x0000000706700000, 0x0000000706700000| Untracked 
|  84|0x0000000706800000, 0x0000000706800000, 0x0000000706900000|  0%| F|  |TAMS 0x0000000706800000, 0x0000000706800000| Untracked 
|  85|0x0000000706900000, 0x0000000706900000, 0x0000000706a00000|  0%| F|  |TAMS 0x0000000706900000, 0x0000000706900000| Untracked 
|  86|0x0000000706a00000, 0x0000000706a00000, 0x0000000706b00000|  0%| F|  |TAMS 0x0000000706a00000, 0x0000000706a00000| Untracked 
|  87|0x0000000706b00000, 0x0000000706b00000, 0x0000000706c00000|  0%| F|  |TAMS 0x0000000706b00000, 0x0000000706b00000| Untracked 
|  88|0x0000000706c00000, 0x0000000706c00000, 0x0000000706d00000|  0%| F|  |TAMS 0x0000000706c00000, 0x0000000706c00000| Untracked 
|  89|0x0000000706d00000, 0x0000000706d00000, 0x0000000706e00000|  0%| F|  |TAMS 0x0000000706d00000, 0x0000000706d00000| Untracked 
|  90|0x0000000706e00000, 0x0000000706e00000, 0x0000000706f00000|  0%| F|  |TAMS 0x0000000706e00000, 0x0000000706e00000| Untracked 
|  91|0x0000000706f00000, 0x0000000706f00000, 0x0000000707000000|  0%| F|  |TAMS 0x0000000706f00000, 0x0000000706f00000| Untracked 
|  92|0x0000000707000000, 0x0000000707000000, 0x0000000707100000|  0%| F|  |TAMS 0x0000000707000000, 0x0000000707000000| Untracked 
|  93|0x0000000707100000, 0x0000000707100000, 0x0000000707200000|  0%| F|  |TAMS 0x0000000707100000, 0x0000000707100000| Untracked 
|  94|0x0000000707200000, 0x0000000707200000, 0x0000000707300000|  0%| F|  |TAMS 0x0000000707200000, 0x0000000707200000| Untracked 
|  95|0x0000000707300000, 0x0000000707300000, 0x0000000707400000|  0%| F|  |TAMS 0x0000000707300000, 0x0000000707300000| Untracked 
|  96|0x0000000707400000, 0x0000000707400000, 0x0000000707500000|  0%| F|  |TAMS 0x0000000707400000, 0x0000000707400000| Untracked 
|  97|0x0000000707500000, 0x0000000707500000, 0x0000000707600000|  0%| F|  |TAMS 0x0000000707500000, 0x0000000707500000| Untracked 
|  98|0x0000000707600000, 0x0000000707600000, 0x0000000707700000|  0%| F|  |TAMS 0x0000000707600000, 0x0000000707600000| Untracked 
|  99|0x0000000707700000, 0x0000000707700000, 0x0000000707800000|  0%| F|  |TAMS 0x0000000707700000, 0x0000000707700000| Untracked 
| 100|0x0000000707800000, 0x0000000707800000, 0x0000000707900000|  0%| F|  |TAMS 0x0000000707800000, 0x0000000707800000| Untracked 
| 101|0x0000000707900000, 0x0000000707900000, 0x0000000707a00000|  0%| F|  |TAMS 0x0000000707900000, 0x0000000707900000| Untracked 
| 102|0x0000000707a00000, 0x0000000707a00000, 0x0000000707b00000|  0%| F|  |TAMS 0x0000000707a00000, 0x0000000707a00000| Untracked 
| 103|0x0000000707b00000, 0x0000000707b00000, 0x0000000707c00000|  0%| F|  |TAMS 0x0000000707b00000, 0x0000000707b00000| Untracked 
| 104|0x0000000707c00000, 0x0000000707c00000, 0x0000000707d00000|  0%| F|  |TAMS 0x0000000707c00000, 0x0000000707c00000| Untracked 
| 105|0x0000000707d00000, 0x0000000707d00000, 0x0000000707e00000|  0%| F|  |TAMS 0x0000000707d00000, 0x0000000707d00000| Untracked 
| 106|0x0000000707e00000, 0x0000000707e00000, 0x0000000707f00000|  0%| F|  |TAMS 0x0000000707e00000, 0x0000000707e00000| Untracked 
| 107|0x0000000707f00000, 0x0000000707f00000, 0x0000000708000000|  0%| F|  |TAMS 0x0000000707f00000, 0x0000000707f00000| Untracked 
| 108|0x0000000708000000, 0x0000000708000000, 0x0000000708100000|  0%| F|  |TAMS 0x0000000708000000, 0x0000000708000000| Untracked 
| 109|0x0000000708100000, 0x0000000708100000, 0x0000000708200000|  0%| F|  |TAMS 0x0000000708100000, 0x0000000708100000| Untracked 
| 110|0x0000000708200000, 0x0000000708200000, 0x0000000708300000|  0%| F|  |TAMS 0x0000000708200000, 0x0000000708200000| Untracked 
| 111|0x0000000708300000, 0x0000000708300000, 0x0000000708400000|  0%| F|  |TAMS 0x0000000708300000, 0x0000000708300000| Untracked 
| 112|0x0000000708400000, 0x0000000708400000, 0x0000000708500000|  0%| F|  |TAMS 0x0000000708400000, 0x0000000708400000| Untracked 
| 113|0x0000000708500000, 0x0000000708500000, 0x0000000708600000|  0%| F|  |TAMS 0x0000000708500000, 0x0000000708500000| Untracked 
| 114|0x0000000708600000, 0x0000000708600000, 0x0000000708700000|  0%| F|  |TAMS 0x0000000708600000, 0x0000000708600000| Untracked 
| 115|0x0000000708700000, 0x0000000708700000, 0x0000000708800000|  0%| F|  |TAMS 0x0000000708700000, 0x0000000708700000| Untracked 
| 116|0x0000000708800000, 0x0000000708800000, 0x0000000708900000|  0%| F|  |TAMS 0x0000000708800000, 0x0000000708800000| Untracked 
| 117|0x0000000708900000, 0x0000000708900000, 0x0000000708a00000|  0%| F|  |TAMS 0x0000000708900000, 0x0000000708900000| Untracked 
| 118|0x0000000708a00000, 0x0000000708a00000, 0x0000000708b00000|  0%| F|  |TAMS 0x0000000708a00000, 0x0000000708a00000| Untracked 
| 119|0x0000000708b00000, 0x0000000708b00000, 0x0000000708c00000|  0%| F|  |TAMS 0x0000000708b00000, 0x0000000708b00000| Untracked 
| 120|0x0000000708c00000, 0x0000000708c00000, 0x0000000708d00000|  0%| F|  |TAMS 0x0000000708c00000, 0x0000000708c00000| Untracked 
| 121|0x0000000708d00000, 0x0000000708d00000, 0x0000000708e00000|  0%| F|  |TAMS 0x0000000708d00000, 0x0000000708d00000| Untracked 
| 122|0x0000000708e00000, 0x0000000708e00000, 0x0000000708f00000|  0%| F|  |TAMS 0x0000000708e00000, 0x0000000708e00000| Untracked 
| 123|0x0000000708f00000, 0x0000000708f00000, 0x0000000709000000|  0%| F|  |TAMS 0x0000000708f00000, 0x0000000708f00000| Untracked 
| 124|0x0000000709000000, 0x0000000709000000, 0x0000000709100000|  0%| F|  |TAMS 0x0000000709000000, 0x0000000709000000| Untracked 
| 125|0x0000000709100000, 0x0000000709100000, 0x0000000709200000|  0%| F|  |TAMS 0x0000000709100000, 0x0000000709100000| Untracked 
| 126|0x0000000709200000, 0x0000000709200000, 0x0000000709300000|  0%| F|  |TAMS 0x0000000709200000, 0x0000000709200000| Untracked 
| 127|0x0000000709300000, 0x0000000709300000, 0x0000000709400000|  0%| F|  |TAMS 0x0000000709300000, 0x0000000709300000| Untracked 
| 128|0x0000000709400000, 0x0000000709400000, 0x0000000709500000|  0%| F|  |TAMS 0x0000000709400000, 0x0000000709400000| Untracked 
| 129|0x0000000709500000, 0x0000000709500000, 0x0000000709600000|  0%| F|  |TAMS 0x0000000709500000, 0x0000000709500000| Untracked 
| 130|0x0000000709600000, 0x0000000709600000, 0x0000000709700000|  0%| F|  |TAMS 0x0000000709600000, 0x0000000709600000| Untracked 
| 131|0x0000000709700000, 0x0000000709700000, 0x0000000709800000|  0%| F|  |TAMS 0x0000000709700000, 0x0000000709700000| Untracked 
| 132|0x0000000709800000, 0x0000000709800000, 0x0000000709900000|  0%| F|  |TAMS 0x0000000709800000, 0x0000000709800000| Untracked 
| 133|0x0000000709900000, 0x0000000709900000, 0x0000000709a00000|  0%| F|  |TAMS 0x0000000709900000, 0x0000000709900000| Untracked 
| 134|0x0000000709a00000, 0x0000000709a00000, 0x0000000709b00000|  0%| F|  |TAMS 0x0000000709a00000, 0x0000000709a00000| Untracked 
| 135|0x0000000709b00000, 0x0000000709b00000, 0x0000000709c00000|  0%| F|  |TAMS 0x0000000709b00000, 0x0000000709b00000| Untracked 
| 136|0x0000000709c00000, 0x0000000709c00000, 0x0000000709d00000|  0%| F|  |TAMS 0x0000000709c00000, 0x0000000709c00000| Untracked 
| 137|0x0000000709d00000, 0x0000000709d00000, 0x0000000709e00000|  0%| F|  |TAMS 0x0000000709d00000, 0x0000000709d00000| Untracked 
| 138|0x0000000709e00000, 0x0000000709e00000, 0x0000000709f00000|  0%| F|  |TAMS 0x0000000709e00000, 0x0000000709e00000| Untracked 
| 139|0x0000000709f00000, 0x0000000709f00000, 0x000000070a000000|  0%| F|  |TAMS 0x0000000709f00000, 0x0000000709f00000| Untracked 
| 140|0x000000070a000000, 0x000000070a000000, 0x000000070a100000|  0%| F|  |TAMS 0x000000070a000000, 0x000000070a000000| Untracked 
| 141|0x000000070a100000, 0x000000070a100000, 0x000000070a200000|  0%| F|  |TAMS 0x000000070a100000, 0x000000070a100000| Untracked 
| 142|0x000000070a200000, 0x000000070a200000, 0x000000070a300000|  0%| F|  |TAMS 0x000000070a200000, 0x000000070a200000| Untracked 
| 143|0x000000070a300000, 0x000000070a300000, 0x000000070a400000|  0%| F|  |TAMS 0x000000070a300000, 0x000000070a300000| Untracked 
| 144|0x000000070a400000, 0x000000070a400000, 0x000000070a500000|  0%| F|  |TAMS 0x000000070a400000, 0x000000070a400000| Untracked 
| 145|0x000000070a500000, 0x000000070a500000, 0x000000070a600000|  0%| F|  |TAMS 0x000000070a500000, 0x000000070a500000| Untracked 
| 146|0x000000070a600000, 0x000000070a600000, 0x000000070a700000|  0%| F|  |TAMS 0x000000070a600000, 0x000000070a600000| Untracked 
| 147|0x000000070a700000, 0x000000070a700000, 0x000000070a800000|  0%| F|  |TAMS 0x000000070a700000, 0x000000070a700000| Untracked 
| 148|0x000000070a800000, 0x000000070a800000, 0x000000070a900000|  0%| F|  |TAMS 0x000000070a800000, 0x000000070a800000| Untracked 
| 149|0x000000070a900000, 0x000000070a900000, 0x000000070aa00000|  0%| F|  |TAMS 0x000000070a900000, 0x000000070a900000| Untracked 
| 150|0x000000070aa00000, 0x000000070aa00000, 0x000000070ab00000|  0%| F|  |TAMS 0x000000070aa00000, 0x000000070aa00000| Untracked 
| 151|0x000000070ab00000, 0x000000070ab00000, 0x000000070ac00000|  0%| F|  |TAMS 0x000000070ab00000, 0x000000070ab00000| Untracked 
| 152|0x000000070ac00000, 0x000000070ac00000, 0x000000070ad00000|  0%| F|  |TAMS 0x000000070ac00000, 0x000000070ac00000| Untracked 
| 153|0x000000070ad00000, 0x000000070ad00000, 0x000000070ae00000|  0%| F|  |TAMS 0x000000070ad00000, 0x000000070ad00000| Untracked 
| 154|0x000000070ae00000, 0x000000070ae00000, 0x000000070af00000|  0%| F|  |TAMS 0x000000070ae00000, 0x000000070ae00000| Untracked 
| 155|0x000000070af00000, 0x000000070af00000, 0x000000070b000000|  0%| F|  |TAMS 0x000000070af00000, 0x000000070af00000| Untracked 
| 156|0x000000070b000000, 0x000000070b000000, 0x000000070b100000|  0%| F|  |TAMS 0x000000070b000000, 0x000000070b000000| Untracked 
| 157|0x000000070b100000, 0x000000070b100000, 0x000000070b200000|  0%| F|  |TAMS 0x000000070b100000, 0x000000070b100000| Untracked 
| 158|0x000000070b200000, 0x000000070b200000, 0x000000070b300000|  0%| F|  |TAMS 0x000000070b200000, 0x000000070b200000| Untracked 
| 159|0x000000070b300000, 0x000000070b300000, 0x000000070b400000|  0%| F|  |TAMS 0x000000070b300000, 0x000000070b300000| Untracked 
| 160|0x000000070b400000, 0x000000070b400000, 0x000000070b500000|  0%| F|  |TAMS 0x000000070b400000, 0x000000070b400000| Untracked 
| 161|0x000000070b500000, 0x000000070b500000, 0x000000070b600000|  0%| F|  |TAMS 0x000000070b500000, 0x000000070b500000| Untracked 
| 162|0x000000070b600000, 0x000000070b600000, 0x000000070b700000|  0%| F|  |TAMS 0x000000070b600000, 0x000000070b600000| Untracked 
| 163|0x000000070b700000, 0x000000070b700000, 0x000000070b800000|  0%| F|  |TAMS 0x000000070b700000, 0x000000070b700000| Untracked 
| 164|0x000000070b800000, 0x000000070b800000, 0x000000070b900000|  0%| F|  |TAMS 0x000000070b800000, 0x000000070b800000| Untracked 
| 165|0x000000070b900000, 0x000000070b900000, 0x000000070ba00000|  0%| F|  |TAMS 0x000000070b900000, 0x000000070b900000| Untracked 
| 166|0x000000070ba00000, 0x000000070ba00000, 0x000000070bb00000|  0%| F|  |TAMS 0x000000070ba00000, 0x000000070ba00000| Untracked 
| 167|0x000000070bb00000, 0x000000070bb00000, 0x000000070bc00000|  0%| F|  |TAMS 0x000000070bb00000, 0x000000070bb00000| Untracked 
| 168|0x000000070bc00000, 0x000000070bc00000, 0x000000070bd00000|  0%| F|  |TAMS 0x000000070bc00000, 0x000000070bc00000| Untracked 
| 169|0x000000070bd00000, 0x000000070bd00000, 0x000000070be00000|  0%| F|  |TAMS 0x000000070bd00000, 0x000000070bd00000| Untracked 
| 170|0x000000070be00000, 0x000000070be00000, 0x000000070bf00000|  0%| F|  |TAMS 0x000000070be00000, 0x000000070be00000| Untracked 
| 171|0x000000070bf00000, 0x000000070bf00000, 0x000000070c000000|  0%| F|  |TAMS 0x000000070bf00000, 0x000000070bf00000| Untracked 
| 172|0x000000070c000000, 0x000000070c000000, 0x000000070c100000|  0%| F|  |TAMS 0x000000070c000000, 0x000000070c000000| Untracked 
| 173|0x000000070c100000, 0x000000070c100000, 0x000000070c200000|  0%| F|  |TAMS 0x000000070c100000, 0x000000070c100000| Untracked 
| 174|0x000000070c200000, 0x000000070c200000, 0x000000070c300000|  0%| F|  |TAMS 0x000000070c200000, 0x000000070c200000| Untracked 
| 175|0x000000070c300000, 0x000000070c300000, 0x000000070c400000|  0%| F|  |TAMS 0x000000070c300000, 0x000000070c300000| Untracked 
| 176|0x000000070c400000, 0x000000070c400000, 0x000000070c500000|  0%| F|  |TAMS 0x000000070c400000, 0x000000070c400000| Untracked 
| 177|0x000000070c500000, 0x000000070c500000, 0x000000070c600000|  0%| F|  |TAMS 0x000000070c500000, 0x000000070c500000| Untracked 
| 178|0x000000070c600000, 0x000000070c600000, 0x000000070c700000|  0%| F|  |TAMS 0x000000070c600000, 0x000000070c600000| Untracked 
| 179|0x000000070c700000, 0x000000070c700000, 0x000000070c800000|  0%| F|  |TAMS 0x000000070c700000, 0x000000070c700000| Untracked 
| 180|0x000000070c800000, 0x000000070c800000, 0x000000070c900000|  0%| F|  |TAMS 0x000000070c800000, 0x000000070c800000| Untracked 
| 181|0x000000070c900000, 0x000000070c900000, 0x000000070ca00000|  0%| F|  |TAMS 0x000000070c900000, 0x000000070c900000| Untracked 
| 182|0x000000070ca00000, 0x000000070ca00000, 0x000000070cb00000|  0%| F|  |TAMS 0x000000070ca00000, 0x000000070ca00000| Untracked 
| 183|0x000000070cb00000, 0x000000070cb00000, 0x000000070cc00000|  0%| F|  |TAMS 0x000000070cb00000, 0x000000070cb00000| Untracked 
| 184|0x000000070cc00000, 0x000000070cc00000, 0x000000070cd00000|  0%| F|  |TAMS 0x000000070cc00000, 0x000000070cc00000| Untracked 
| 185|0x000000070cd00000, 0x000000070cd00000, 0x000000070ce00000|  0%| F|  |TAMS 0x000000070cd00000, 0x000000070cd00000| Untracked 
| 186|0x000000070ce00000, 0x000000070ce00000, 0x000000070cf00000|  0%| F|  |TAMS 0x000000070ce00000, 0x000000070ce00000| Untracked 
| 187|0x000000070cf00000, 0x000000070cf00000, 0x000000070d000000|  0%| F|  |TAMS 0x000000070cf00000, 0x000000070cf00000| Untracked 
| 188|0x000000070d000000, 0x000000070d000000, 0x000000070d100000|  0%| F|  |TAMS 0x000000070d000000, 0x000000070d000000| Untracked 
| 189|0x000000070d100000, 0x000000070d100000, 0x000000070d200000|  0%| F|  |TAMS 0x000000070d100000, 0x000000070d100000| Untracked 
| 190|0x000000070d200000, 0x000000070d200000, 0x000000070d300000|  0%| F|  |TAMS 0x000000070d200000, 0x000000070d200000| Untracked 
| 191|0x000000070d300000, 0x000000070d300000, 0x000000070d400000|  0%| F|  |TAMS 0x000000070d300000, 0x000000070d300000| Untracked 
| 192|0x000000070d400000, 0x000000070d400000, 0x000000070d500000|  0%| F|  |TAMS 0x000000070d400000, 0x000000070d400000| Untracked 
| 193|0x000000070d500000, 0x000000070d500000, 0x000000070d600000|  0%| F|  |TAMS 0x000000070d500000, 0x000000070d500000| Untracked 
| 194|0x000000070d600000, 0x000000070d600000, 0x000000070d700000|  0%| F|  |TAMS 0x000000070d600000, 0x000000070d600000| Untracked 
| 195|0x000000070d700000, 0x000000070d700000, 0x000000070d800000|  0%| F|  |TAMS 0x000000070d700000, 0x000000070d700000| Untracked 
| 196|0x000000070d800000, 0x000000070d800000, 0x000000070d900000|  0%| F|  |TAMS 0x000000070d800000, 0x000000070d800000| Untracked 
| 197|0x000000070d900000, 0x000000070d900000, 0x000000070da00000|  0%| F|  |TAMS 0x000000070d900000, 0x000000070d900000| Untracked 
| 198|0x000000070da00000, 0x000000070da00000, 0x000000070db00000|  0%| F|  |TAMS 0x000000070da00000, 0x000000070da00000| Untracked 
| 199|0x000000070db00000, 0x000000070db00000, 0x000000070dc00000|  0%| F|  |TAMS 0x000000070db00000, 0x000000070db00000| Untracked 
| 200|0x000000070dc00000, 0x000000070dc00000, 0x000000070dd00000|  0%| F|  |TAMS 0x000000070dc00000, 0x000000070dc00000| Untracked 
| 201|0x000000070dd00000, 0x000000070dd00000, 0x000000070de00000|  0%| F|  |TAMS 0x000000070dd00000, 0x000000070dd00000| Untracked 
| 202|0x000000070de00000, 0x000000070de00000, 0x000000070df00000|  0%| F|  |TAMS 0x000000070de00000, 0x000000070de00000| Untracked 
| 203|0x000000070df00000, 0x000000070df00000, 0x000000070e000000|  0%| F|  |TAMS 0x000000070df00000, 0x000000070df00000| Untracked 
| 204|0x000000070e000000, 0x000000070e000000, 0x000000070e100000|  0%| F|  |TAMS 0x000000070e000000, 0x000000070e000000| Untracked 
| 205|0x000000070e100000, 0x000000070e100000, 0x000000070e200000|  0%| F|  |TAMS 0x000000070e100000, 0x000000070e100000| Untracked 
| 206|0x000000070e200000, 0x000000070e200000, 0x000000070e300000|  0%| F|  |TAMS 0x000000070e200000, 0x000000070e200000| Untracked 
| 207|0x000000070e300000, 0x000000070e300000, 0x000000070e400000|  0%| F|  |TAMS 0x000000070e300000, 0x000000070e300000| Untracked 
| 208|0x000000070e400000, 0x000000070e400000, 0x000000070e500000|  0%| F|  |TAMS 0x000000070e400000, 0x000000070e400000| Untracked 
| 209|0x000000070e500000, 0x000000070e500000, 0x000000070e600000|  0%| F|  |TAMS 0x000000070e500000, 0x000000070e500000| Untracked 
| 210|0x000000070e600000, 0x000000070e600000, 0x000000070e700000|  0%| F|  |TAMS 0x000000070e600000, 0x000000070e600000| Untracked 
| 211|0x000000070e700000, 0x000000070e700000, 0x000000070e800000|  0%| F|  |TAMS 0x000000070e700000, 0x000000070e700000| Untracked 
| 212|0x000000070e800000, 0x000000070e800000, 0x000000070e900000|  0%| F|  |TAMS 0x000000070e800000, 0x000000070e800000| Untracked 
| 213|0x000000070e900000, 0x000000070e900000, 0x000000070ea00000|  0%| F|  |TAMS 0x000000070e900000, 0x000000070e900000| Untracked 
| 214|0x000000070ea00000, 0x000000070ea00000, 0x000000070eb00000|  0%| F|  |TAMS 0x000000070ea00000, 0x000000070ea00000| Untracked 
| 215|0x000000070eb00000, 0x000000070eb00000, 0x000000070ec00000|  0%| F|  |TAMS 0x000000070eb00000, 0x000000070eb00000| Untracked 
| 216|0x000000070ec00000, 0x000000070ec00000, 0x000000070ed00000|  0%| F|  |TAMS 0x000000070ec00000, 0x000000070ec00000| Untracked 
| 217|0x000000070ed00000, 0x000000070ed00000, 0x000000070ee00000|  0%| F|  |TAMS 0x000000070ed00000, 0x000000070ed00000| Untracked 
| 218|0x000000070ee00000, 0x000000070ee00000, 0x000000070ef00000|  0%| F|  |TAMS 0x000000070ee00000, 0x000000070ee00000| Untracked 
| 219|0x000000070ef00000, 0x000000070ef00000, 0x000000070f000000|  0%| F|  |TAMS 0x000000070ef00000, 0x000000070ef00000| Untracked 
| 220|0x000000070f000000, 0x000000070f000000, 0x000000070f100000|  0%| F|  |TAMS 0x000000070f000000, 0x000000070f000000| Untracked 
| 221|0x000000070f100000, 0x000000070f100000, 0x000000070f200000|  0%| F|  |TAMS 0x000000070f100000, 0x000000070f100000| Untracked 
| 222|0x000000070f200000, 0x000000070f200000, 0x000000070f300000|  0%| F|  |TAMS 0x000000070f200000, 0x000000070f200000| Untracked 
| 223|0x000000070f300000, 0x000000070f300000, 0x000000070f400000|  0%| F|  |TAMS 0x000000070f300000, 0x000000070f300000| Untracked 
| 224|0x000000070f400000, 0x000000070f400000, 0x000000070f500000|  0%| F|  |TAMS 0x000000070f400000, 0x000000070f400000| Untracked 
| 225|0x000000070f500000, 0x000000070f500000, 0x000000070f600000|  0%| F|  |TAMS 0x000000070f500000, 0x000000070f500000| Untracked 
| 226|0x000000070f600000, 0x000000070f600000, 0x000000070f700000|  0%| F|  |TAMS 0x000000070f600000, 0x000000070f600000| Untracked 
| 227|0x000000070f700000, 0x000000070f700000, 0x000000070f800000|  0%| F|  |TAMS 0x000000070f700000, 0x000000070f700000| Untracked 
| 228|0x000000070f800000, 0x000000070f800000, 0x000000070f900000|  0%| F|  |TAMS 0x000000070f800000, 0x000000070f800000| Untracked 
| 229|0x000000070f900000, 0x000000070f900000, 0x000000070fa00000|  0%| F|  |TAMS 0x000000070f900000, 0x000000070f900000| Untracked 
| 230|0x000000070fa00000, 0x000000070fa00000, 0x000000070fb00000|  0%| F|  |TAMS 0x000000070fa00000, 0x000000070fa00000| Untracked 
| 231|0x000000070fb00000, 0x000000070fb00000, 0x000000070fc00000|  0%| F|  |TAMS 0x000000070fb00000, 0x000000070fb00000| Untracked 
| 232|0x000000070fc00000, 0x000000070fc00000, 0x000000070fd00000|  0%| F|  |TAMS 0x000000070fc00000, 0x000000070fc00000| Untracked 
| 233|0x000000070fd00000, 0x000000070fd00000, 0x000000070fe00000|  0%| F|  |TAMS 0x000000070fd00000, 0x000000070fd00000| Untracked 
| 234|0x000000070fe00000, 0x000000070fe00000, 0x000000070ff00000|  0%| F|  |TAMS 0x000000070fe00000, 0x000000070fe00000| Untracked 
| 235|0x000000070ff00000, 0x000000070ff00000, 0x0000000710000000|  0%| F|  |TAMS 0x000000070ff00000, 0x000000070ff00000| Untracked 
| 236|0x0000000710000000, 0x0000000710000000, 0x0000000710100000|  0%| F|  |TAMS 0x0000000710000000, 0x0000000710000000| Untracked 
| 237|0x0000000710100000, 0x0000000710100000, 0x0000000710200000|  0%| F|  |TAMS 0x0000000710100000, 0x0000000710100000| Untracked 
| 238|0x0000000710200000, 0x0000000710200000, 0x0000000710300000|  0%| F|  |TAMS 0x0000000710200000, 0x0000000710200000| Untracked 
| 239|0x0000000710300000, 0x0000000710300000, 0x0000000710400000|  0%| F|  |TAMS 0x0000000710300000, 0x0000000710300000| Untracked 
| 240|0x0000000710400000, 0x0000000710400000, 0x0000000710500000|  0%| F|  |TAMS 0x0000000710400000, 0x0000000710400000| Untracked 
| 241|0x0000000710500000, 0x0000000710500000, 0x0000000710600000|  0%| F|  |TAMS 0x0000000710500000, 0x0000000710500000| Untracked 
| 242|0x0000000710600000, 0x0000000710600000, 0x0000000710700000|  0%| F|  |TAMS 0x0000000710600000, 0x0000000710600000| Untracked 
| 243|0x0000000710700000, 0x0000000710800000, 0x0000000710800000|100%| E|  |TAMS 0x0000000710700000, 0x0000000710700000| Complete 
| 244|0x0000000710800000, 0x0000000710900000, 0x0000000710900000|100%| E|CS|TAMS 0x0000000710800000, 0x0000000710800000| Complete 
| 245|0x0000000710900000, 0x0000000710a00000, 0x0000000710a00000|100%| E|CS|TAMS 0x0000000710900000, 0x0000000710900000| Complete 
| 246|0x0000000710a00000, 0x0000000710b00000, 0x0000000710b00000|100%| E|CS|TAMS 0x0000000710a00000, 0x0000000710a00000| Complete 
| 247|0x0000000710b00000, 0x0000000710c00000, 0x0000000710c00000|100%| E|  |TAMS 0x0000000710b00000, 0x0000000710b00000| Complete 
| 248|0x0000000710c00000, 0x0000000710d00000, 0x0000000710d00000|100%| E|CS|TAMS 0x0000000710c00000, 0x0000000710c00000| Complete 
| 249|0x0000000710d00000, 0x0000000710e00000, 0x0000000710e00000|100%| E|CS|TAMS 0x0000000710d00000, 0x0000000710d00000| Complete 
| 250|0x0000000710e00000, 0x0000000710f00000, 0x0000000710f00000|100%| E|CS|TAMS 0x0000000710e00000, 0x0000000710e00000| Complete 
| 251|0x0000000710f00000, 0x0000000711000000, 0x0000000711000000|100%| E|CS|TAMS 0x0000000710f00000, 0x0000000710f00000| Complete 
| 252|0x0000000711000000, 0x0000000711100000, 0x0000000711100000|100%| E|CS|TAMS 0x0000000711000000, 0x0000000711000000| Complete 
| 253|0x0000000711100000, 0x0000000711200000, 0x0000000711200000|100%| E|CS|TAMS 0x0000000711100000, 0x0000000711100000| Complete 
| 254|0x0000000711200000, 0x0000000711300000, 0x0000000711300000|100%| E|CS|TAMS 0x0000000711200000, 0x0000000711200000| Complete 
| 255|0x0000000711300000, 0x0000000711400000, 0x0000000711400000|100%| E|CS|TAMS 0x0000000711300000, 0x0000000711300000| Complete 

Card table byte_map: [0x0000020a331d0000,0x0000020a339d0000] _byte_map_base: 0x0000020a2f9c6000

Marking Bits (Prev, Next): (CMBitMap*) 0x0000020a1aa55238, (CMBitMap*) 0x0000020a1aa55270
 Prev Bits: [0x0000020a341d0000, 0x0000020a38180000)
 Next Bits: [0x0000020a38180000, 0x0000020a3c130000)

Polling page: 0x0000020a18940000

Metaspace:

Usage:
  Non-class:     11.20 MB capacity,    11.12 MB (>99%) used,    66.79 KB ( <1%) free+waste,    14.94 KB ( <1%) overhead. 
      Class:    892.00 KB capacity,   829.20 KB ( 93%) used,    56.74 KB (  6%) free+waste,     6.06 KB ( <1%) overhead. 
       Both:     12.07 MB capacity,    11.93 MB ( 99%) used,   123.53 KB ( <1%) free+waste,    21.00 KB ( <1%) overhead. 

Virtual space:
  Non-class space:       12.00 MB reserved,      11.25 MB ( 94%) committed 
      Class space:        1.00 GB reserved,     896.00 KB ( <1%) committed 
             Both:        1.01 GB reserved,      12.13 MB (  1%) committed 

Chunk freelists:
   Non-Class:  49.00 KB
       Class:  4.00 KB
        Both:  53.00 KB

MaxMetaspaceSize: 17179869184.00 GB
CompressedClassSpaceSize: 1.00 GB
Initial GC threshold: 20.80 MB
Current GC threshold: 20.80 MB
CDS: off

CodeHeap 'non-profiled nmethods': size=119168Kb used=217Kb max_used=217Kb free=118950Kb
 bounds [0x0000020a2acf0000, 0x0000020a2af60000, 0x0000020a32150000]
CodeHeap 'profiled nmethods': size=119168Kb used=1209Kb max_used=1209Kb free=117958Kb
 bounds [0x0000020a23890000, 0x0000020a23b00000, 0x0000020a2acf0000]
CodeHeap 'non-nmethods': size=7424Kb used=2174Kb max_used=2184Kb free=5249Kb
 bounds [0x0000020a23150000, 0x0000020a233c0000, 0x0000020a23890000]
 total_blobs=1767 nmethods=748 adapters=931
 compilation: enabled
              stopped_count=0, restarted_count=0
 full_count=0

Compilation events (20 events):
Event: 0.661 Thread 0x0000020a3f29b800 nmethod 739 0x0000020a239bad10 code [0x0000020a239baf80, 0x0000020a239bbad8]
Event: 0.661 Thread 0x0000020a3fd15000  741       3       jdk.internal.ref.CleanerFactory::cleaner (4 bytes)
Event: 0.661 Thread 0x0000020a3fd15000 nmethod 741 0x0000020a239bbe10 code [0x0000020a239bbfc0, 0x0000020a239bc0b8]
Event: 0.662 Thread 0x0000020a3f292000 nmethod 736 0x0000020a2ad24f90 code [0x0000020a2ad25120, 0x0000020a2ad25378]
Event: 0.662 Thread 0x0000020a3f292000  738 %     4       java.lang.StringLatin1::indexOf @ 30 (121 bytes)
Event: 0.665 Thread 0x0000020a3f29b800  742       3       java.util.LinkedHashMap::get (33 bytes)
Event: 0.666 Thread 0x0000020a3f29b800 nmethod 742 0x0000020a239bc110 code [0x0000020a239bc300, 0x0000020a239bc748]
Event: 0.666 Thread 0x0000020a3f292000 nmethod 738% 0x0000020a2ad25510 code [0x0000020a2ad256c0, 0x0000020a2ad25a38]
Event: 0.666 Thread 0x0000020a3fd15000  743       3       java.security.CodeSource::getCertificates (98 bytes)
Event: 0.666 Thread 0x0000020a3fd15000 nmethod 743 0x0000020a239bc910 code [0x0000020a239bcb80, 0x0000020a239bd718]
Event: 0.667 Thread 0x0000020a3f29b800  744  s    3       jdk.internal.loader.Resource::cachedInputStream (20 bytes)
Event: 0.667 Thread 0x0000020a3f29b800 nmethod 744 0x0000020a239bda10 code [0x0000020a239bdbe0, 0x0000020a239bdfe8]
Event: 0.668 Thread 0x0000020a3fd15000  745       3       jdk.internal.misc.SharedSecrets::javaUtilJarAccess (18 bytes)
Event: 0.668 Thread 0x0000020a3f29b800  746       1       java.util.jar.Manifest::getEntries (5 bytes)
Event: 0.668 Thread 0x0000020a3f29b800 nmethod 746 0x0000020a2ad25c90 code [0x0000020a2ad25e40, 0x0000020a2ad25ef8]
Event: 0.668 Thread 0x0000020a3f29b800  747       1       java.util.jar.Manifest::getMainAttributes (5 bytes)
Event: 0.668 Thread 0x0000020a3fd15000 nmethod 745 0x0000020a239be090 code [0x0000020a239be260, 0x0000020a239be468]
Event: 0.668 Thread 0x0000020a3f29b800 nmethod 747 0x0000020a2ad25f90 code [0x0000020a2ad26140, 0x0000020a2ad261f8]
Event: 0.668 Thread 0x0000020a3fd15000  748       1       java.util.zip.ZipEntry::getCrc (5 bytes)
Event: 0.668 Thread 0x0000020a3fd15000 nmethod 748 0x0000020a2ad26290 code [0x0000020a2ad26440, 0x0000020a2ad264f8]

GC Heap History (0 events):
No events

Deoptimization events (14 events):
Event: 0.080 Thread 0x0000020a1a9ed800 Uncommon trap: trap_request=0xffffff4d fr.pc=0x0000020a2acf49a0 relative=0x0000000000000180
Event: 0.080 Thread 0x0000020a1a9ed800 Uncommon trap: reason=unstable_if action=reinterpret pc=0x0000020a2acf49a0 method=java.lang.String.hashCode()I @ 14 c2
Event: 0.080 Thread 0x0000020a1a9ed800 DEOPT PACKING pc=0x0000020a2acf49a0 sp=0x0000006cc54fd3a0
Event: 0.080 Thread 0x0000020a1a9ed800 DEOPT UNPACKING pc=0x0000020a2319a1af sp=0x0000006cc54fd338 mode 2
Event: 0.126 Thread 0x0000020a1a9ed800 DEOPT PACKING pc=0x0000020a238c9ee8 sp=0x0000006cc54f9680
Event: 0.126 Thread 0x0000020a1a9ed800 DEOPT UNPACKING pc=0x0000020a2319a95e sp=0x0000006cc54f8ad8 mode 0
Event: 0.165 Thread 0x0000020a1a9ed800 DEOPT PACKING pc=0x0000020a238cbbc2 sp=0x0000006cc54fbcc0
Event: 0.165 Thread 0x0000020a1a9ed800 DEOPT UNPACKING pc=0x0000020a2319a95e sp=0x0000006cc54fb128 mode 0
Event: 0.171 Thread 0x0000020a1a9ed800 DEOPT PACKING pc=0x0000020a238ba5d0 sp=0x0000006cc54fbe80
Event: 0.171 Thread 0x0000020a1a9ed800 DEOPT UNPACKING pc=0x0000020a2319a95e sp=0x0000006cc54fb308 mode 0
Event: 0.503 Thread 0x0000020a1a9ed800 Uncommon trap: trap_request=0xffffff5c fr.pc=0x0000020a2ad16a80 relative=0x0000000000000060
Event: 0.503 Thread 0x0000020a1a9ed800 Uncommon trap: reason=speculate_null_assert action=make_not_entrant pc=0x0000020a2ad16a80 method=sun.misc.Unsafe.putLong(Ljava/lang/Object;JJ)V @ 7 c2
Event: 0.503 Thread 0x0000020a1a9ed800 DEOPT PACKING pc=0x0000020a2ad16a80 sp=0x0000006cc54febd0
Event: 0.503 Thread 0x0000020a1a9ed800 DEOPT UNPACKING pc=0x0000020a2319a1af sp=0x0000006cc54feb48 mode 2

Classes redefined (0 events):
No events

Internal exceptions (20 events):
Event: 0.161 Thread 0x0000020a1a9ed800 Exception <a 'java/security/PrivilegedActionException'{0x0000000710f53588}> (0x0000000710f53588) thrown at [./src/hotspot/share/prims/jvm.cpp, line 1306]
Event: 0.161 Thread 0x0000020a1a9ed800 Exception <a 'java/security/PrivilegedActionException'{0x0000000710f53858}> (0x0000000710f53858) thrown at [./src/hotspot/share/prims/jvm.cpp, line 1306]
Event: 0.162 Thread 0x0000020a1a9ed800 Exception <a 'java/lang/NoSuchMethodError'{0x0000000710f61958}: 'int java.lang.invoke.DirectMethodHandle$Holder.invokeStaticInit(java.lang.Object, java.lang.Object, int, long)'> (0x0000000710f61958) thrown at [./src/hotspot/share/interpreter/linkResolver.cpp, line 773]
Event: 0.162 Thread 0x0000020a1a9ed800 Exception <a 'java/lang/NoSuchMethodError'{0x0000000710f66b00}: 'java.lang.Object java.lang.invoke.Invokers$Holder.linkToTargetMethod(java.lang.Object, int, java.lang.Object)'> (0x0000000710f66b00) thrown at [./src/hotspot/share/interpreter/linkResolver.cpp, line 773]
Event: 0.163 Thread 0x0000020a1a9ed800 Exception <a 'java/lang/NoSuchMethodError'{0x0000000710f76588}: 'int java.lang.invoke.DirectMethodHandle$Holder.invokeStaticInit(java.lang.Object, java.lang.Object, long, long)'> (0x0000000710f76588) thrown at [./src/hotspot/share/interpreter/linkResolver.cpp, line 773]
Event: 0.164 Thread 0x0000020a1a9ed800 Exception <a 'java/lang/NoSuchMethodError'{0x0000000710f821c8}: 'java.lang.Object java.lang.invoke.Invokers$Holder.linkToTargetMethod(java.lang.Object, long, java.lang.Object)'> (0x0000000710f821c8) thrown at [./src/hotspot/share/interpreter/linkResolver.cpp, line 773]
Event: 0.164 Thread 0x0000020a1a9ed800 Exception <a 'java/lang/NoSuchMethodError'{0x0000000710f88500}: 'int java.lang.invoke.DirectMethodHandle$Holder.invokeStaticInit(java.lang.Object, java.lang.Object, java.lang.Object, long)'> (0x0000000710f88500) thrown at [./src/hotspot/share/interpreter/linkResolver.cpp, line 773]
Event: 0.168 Thread 0x0000020a1a9ed800 Exception <a 'java/security/PrivilegedActionException'{0x0000000710f9bd40}> (0x0000000710f9bd40) thrown at [./src/hotspot/share/prims/jvm.cpp, line 1306]
Event: 0.168 Thread 0x0000020a1a9ed800 Exception <a 'java/security/PrivilegedActionException'{0x0000000710f9c010}> (0x0000000710f9c010) thrown at [./src/hotspot/share/prims/jvm.cpp, line 1306]
Event: 0.168 Thread 0x0000020a1a9ed800 Exception <a 'java/security/PrivilegedActionException'{0x0000000710f9ded0}> (0x0000000710f9ded0) thrown at [./src/hotspot/share/prims/jvm.cpp, line 1306]
Event: 0.168 Thread 0x0000020a1a9ed800 Exception <a 'java/security/PrivilegedActionException'{0x0000000710f9e1a0}> (0x0000000710f9e1a0) thrown at [./src/hotspot/share/prims/jvm.cpp, line 1306]
Event: 0.168 Thread 0x0000020a1a9ed800 Exception <a 'java/security/PrivilegedActionException'{0x0000000710f9ff90}> (0x0000000710f9ff90) thrown at [./src/hotspot/share/prims/jvm.cpp, line 1306]
Event: 0.168 Thread 0x0000020a1a9ed800 Exception <a 'java/security/PrivilegedActionException'{0x0000000710fa0260}> (0x0000000710fa0260) thrown at [./src/hotspot/share/prims/jvm.cpp, line 1306]
Event: 0.182 Thread 0x0000020a1a9ed800 Exception <a 'sun/nio/fs/WindowsException'{0x0000000710e785d0}> (0x0000000710e785d0) thrown at [./src/hotspot/share/prims/jni.cpp, line 617]
Event: 0.182 Thread 0x0000020a1a9ed800 Exception <a 'sun/nio/fs/WindowsException'{0x0000000710e78930}> (0x0000000710e78930) thrown at [./src/hotspot/share/prims/jni.cpp, line 617]
Event: 0.495 Thread 0x0000020a1a9ed800 Exception <a 'sun/nio/fs/WindowsException'{0x0000000710d20920}> (0x0000000710d20920) thrown at [./src/hotspot/share/prims/jni.cpp, line 617]
Event: 0.495 Thread 0x0000020a1a9ed800 Exception <a 'sun/nio/fs/WindowsException'{0x0000000710d20cc0}> (0x0000000710d20cc0) thrown at [./src/hotspot/share/prims/jni.cpp, line 617]
Event: 0.498 Thread 0x0000020a1a9ed800 Exception <a 'sun/nio/fs/WindowsException'{0x0000000710d31f48}> (0x0000000710d31f48) thrown at [./src/hotspot/share/prims/jni.cpp, line 617]
Event: 0.498 Thread 0x0000020a1a9ed800 Exception <a 'sun/nio/fs/WindowsException'{0x0000000710d32218}> (0x0000000710d32218) thrown at [./src/hotspot/share/prims/jni.cpp, line 617]
Event: 0.554 Thread 0x0000020a1a9ed800 Exception <a 'java/lang/NoSuchMethodError'{0x0000000710cee468}: 'void java.lang.invoke.DirectMethodHandle$Holder.invokeStatic(java.lang.Object, long, int, int)'> (0x0000000710cee468) thrown at [./src/hotspot/share/interpreter/linkResolver.cpp, line 773]

Events (20 events):
Event: 0.665 loading class org/joml/Vector3i
Event: 0.665 loading class org/joml/Vector3i done
Event: 0.665 loading class org/joml/Vector3ic
Event: 0.665 loading class org/joml/Vector3ic done
Event: 0.667 loading class org/joml/Vector2f
Event: 0.667 loading class org/joml/Vector2f done
Event: 0.667 loading class org/joml/Vector2fc
Event: 0.667 loading class org/joml/Vector2fc done
Event: 0.668 loading class org/joml/Vector2i
Event: 0.668 loading class org/joml/Vector2i done
Event: 0.668 loading class org/joml/Vector2ic
Event: 0.668 loading class org/joml/Vector2ic done
Event: 0.669 loading class org/joml/Quaternionf
Event: 0.669 loading class org/joml/Quaternionf done
Event: 0.670 loading class org/joml/Quaternionfc
Event: 0.670 loading class org/joml/Quaternionfc done
Event: 0.674 loading class org/joml/Runtime
Event: 0.674 loading class org/joml/Runtime done
Event: 0.674 loading class java/lang/NumberFormatException
Event: 0.674 loading class java/lang/NumberFormatException done


Dynamic libraries:
0x00007ff748f20000 - 0x00007ff748f2d000 	C:\Users\felom\.jdks\corretto-11.0.16\bin\java.exe
0x00007ffe04bc0000 - 0x00007ffe04dc9000 	C:\Windows\SYSTEM32\ntdll.dll
0x00007ffe03710000 - 0x00007ffe037cd000 	C:\Windows\System32\KERNEL32.DLL
0x00007ffe020d0000 - 0x00007ffe02449000 	C:\Windows\System32\KERNELBASE.dll
0x00007ffe025e0000 - 0x00007ffe026f1000 	C:\Windows\System32\ucrtbase.dll
0x00007ffd93550000 - 0x00007ffd93567000 	C:\Users\felom\.jdks\corretto-11.0.16\bin\jli.dll
0x00007ffd94b70000 - 0x00007ffd94b89000 	C:\Users\felom\.jdks\corretto-11.0.16\bin\VCRUNTIME140.dll
0x00007ffe037d0000 - 0x00007ffe0397c000 	C:\Windows\System32\USER32.dll
0x00007ffe020a0000 - 0x00007ffe020c6000 	C:\Windows\System32\win32u.dll
0x00007ffded470000 - 0x00007ffded715000 	C:\Windows\WinSxS\amd64_microsoft.windows.common-controls_6595b64144ccf1df_6.0.22000.120_none_9d947278b86cc467\COMCTL32.dll
0x00007ffe04b50000 - 0x00007ffe04b79000 	C:\Windows\System32\GDI32.dll
0x00007ffe02700000 - 0x00007ffe02812000 	C:\Windows\System32\gdi32full.dll
0x00007ffe02b50000 - 0x00007ffe02bf3000 	C:\Windows\System32\msvcrt.dll
0x00007ffe02540000 - 0x00007ffe025dd000 	C:\Windows\System32\msvcp_win.dll
0x00007ffe048b0000 - 0x00007ffe048e1000 	C:\Windows\System32\IMM32.DLL
0x00007ffd91bc0000 - 0x00007ffd91c5b000 	C:\Users\felom\.jdks\corretto-11.0.16\bin\msvcp140.dll
0x00007ffd7f8b0000 - 0x00007ffd80434000 	C:\Users\felom\.jdks\corretto-11.0.16\bin\server\jvm.dll
0x00007ffe04aa0000 - 0x00007ffe04b4e000 	C:\Windows\System32\ADVAPI32.dll
0x00007ffe048f0000 - 0x00007ffe0498e000 	C:\Windows\System32\sechost.dll
0x00007ffe03310000 - 0x00007ffe03430000 	C:\Windows\System32\RPCRT4.dll
0x00007ffe02a50000 - 0x00007ffe02a58000 	C:\Windows\System32\PSAPI.DLL
0x00007ffdfaca0000 - 0x00007ffdfacd3000 	C:\Windows\SYSTEM32\WINMM.dll
0x00007ffd9e750000 - 0x00007ffd9e759000 	C:\Windows\SYSTEM32\WSOCK32.dll
0x00007ffdfbec0000 - 0x00007ffdfbeca000 	C:\Windows\SYSTEM32\VERSION.dll
0x00007ffe036a0000 - 0x00007ffe0370f000 	C:\Windows\System32\WS2_32.dll
0x00007ffe01250000 - 0x00007ffe01268000 	C:\Windows\SYSTEM32\kernel.appcore.dll
0x00007ffde7d60000 - 0x00007ffde7d70000 	C:\Users\felom\.jdks\corretto-11.0.16\bin\verify.dll
0x00007ffdffc20000 - 0x00007ffdffe41000 	C:\Windows\SYSTEM32\DBGHELP.DLL
0x00007ffdedbd0000 - 0x00007ffdedc01000 	C:\Windows\SYSTEM32\dbgcore.DLL
0x00007ffe02450000 - 0x00007ffe024cf000 	C:\Windows\System32\bcryptPrimitives.dll
0x00007ffd91b90000 - 0x00007ffd91bb8000 	C:\Users\felom\.jdks\corretto-11.0.16\bin\java.dll
0x00007ffdd70e0000 - 0x00007ffdd70ea000 	C:\Users\felom\.jdks\corretto-11.0.16\bin\jimage.dll
0x00007ffd92ea0000 - 0x00007ffd92eb8000 	C:\Users\felom\.jdks\corretto-11.0.16\bin\zip.dll
0x00007ffe040f0000 - 0x00007ffe048a8000 	C:\Windows\System32\SHELL32.dll
0x00007ffe001e0000 - 0x00007ffe00a47000 	C:\Windows\SYSTEM32\windows.storage.dll
0x00007ffe02f90000 - 0x00007ffe03309000 	C:\Windows\System32\combase.dll
0x00007ffe00070000 - 0x00007ffe001d6000 	C:\Windows\SYSTEM32\wintypes.dll
0x00007ffe03430000 - 0x00007ffe0351a000 	C:\Windows\System32\SHCORE.dll
0x00007ffe02ae0000 - 0x00007ffe02b3d000 	C:\Windows\System32\shlwapi.dll
0x00007ffe01fd0000 - 0x00007ffe01ff1000 	C:\Windows\SYSTEM32\profapi.dll
0x00007ffd91b70000 - 0x00007ffd91b89000 	C:\Users\felom\.jdks\corretto-11.0.16\bin\net.dll
0x00007ffdfb2d0000 - 0x00007ffdfb3dc000 	C:\Windows\SYSTEM32\WINHTTP.dll
0x00007ffe01670000 - 0x00007ffe016d7000 	C:\Windows\system32\mswsock.dll
0x00007ffd91b50000 - 0x00007ffd91b63000 	C:\Users\felom\.jdks\corretto-11.0.16\bin\nio.dll
0x00007ffd93bc0000 - 0x00007ffd93c35000 	C:\Users\felom\AppData\Local\Temp\lwjglsnek\3.3.1-build-7\lwjgl.dll
0x00007ffd93b50000 - 0x00007ffd93bb1000 	C:\Users\felom\AppData\Local\Temp\lwjglsnek\3.3.1-build-7\glfw.dll
0x00007ffd93b00000 - 0x00007ffd93b45000 	C:\Windows\SYSTEM32\dinput8.dll
0x00007ffdb1c50000 - 0x00007ffdb1c61000 	C:\Windows\SYSTEM32\xinput1_4.dll
0x00007ffe01dc0000 - 0x00007ffe01dec000 	C:\Windows\SYSTEM32\DEVOBJ.dll
0x00007ffe01d70000 - 0x00007ffe01dbc000 	C:\Windows\SYSTEM32\cfgmgr32.dll
0x00007ffdff850000 - 0x00007ffdff87f000 	C:\Windows\SYSTEM32\dwmapi.dll
0x00007ffdddc40000 - 0x00007ffddde09000 	C:\Windows\SYSTEM32\inputhost.dll
0x00007ffdff010000 - 0x00007ffdff142000 	C:\Windows\SYSTEM32\CoreMessaging.dll
0x00007ffdff430000 - 0x00007ffdff4dc000 	C:\Windows\system32\uxtheme.dll
0x00007ffe01860000 - 0x00007ffe0186c000 	C:\Windows\SYSTEM32\CRYPTBASE.DLL
0x00007ffe03520000 - 0x00007ffe0363e000 	C:\Windows\System32\MSCTF.dll
0x00007ffd813a0000 - 0x00007ffd814a1000 	C:\Windows\SYSTEM32\opengl32.dll
0x00007ffd823f0000 - 0x00007ffd8241d000 	C:\Windows\SYSTEM32\GLU32.dll
0x00007ffdff5b0000 - 0x00007ffdff5e8000 	C:\Windows\SYSTEM32\dxcore.dll
0x00007ffe03a10000 - 0x00007ffe03abf000 	C:\Windows\System32\clbcatq.dll
0x00007ffd7c110000 - 0x00007ffd7f2ca000 	C:\Windows\System32\DriverStore\FileRepository\nv_dispi.inf_amd64_70cfb45e19c20af4\nvoglv64.dll
0x00007ffe03ac0000 - 0x00007ffe03f2c000 	C:\Windows\System32\SETUPAPI.dll
0x00007ffe02df0000 - 0x00007ffe02f8a000 	C:\Windows\System32\ole32.dll
0x00007ffe02c00000 - 0x00007ffe02cd6000 	C:\Windows\System32\OLEAUT32.dll
0x00007ffdfc690000 - 0x00007ffdfc6a4000 	C:\Windows\SYSTEM32\WTSAPI32.dll
0x00007ffe01990000 - 0x00007ffe019a2000 	C:\Windows\SYSTEM32\msasn1.dll
0x00007ffdf8890000 - 0x00007ffdf88c1000 	C:\Windows\SYSTEM32\cryptnet.dll
0x00007ffe02820000 - 0x00007ffe02982000 	C:\Windows\System32\CRYPT32.dll
0x00007ffdf80d0000 - 0x00007ffdf8219000 	C:\Windows\SYSTEM32\drvstore.dll
0x00007ffe018f0000 - 0x00007ffe01930000 	C:\Windows\SYSTEM32\wldp.dll
0x00007ffe024d0000 - 0x00007ffe02537000 	C:\Windows\System32\WINTRUST.dll
0x00007ffdff710000 - 0x00007ffdff744000 	C:\Windows\SYSTEM32\ntmarta.dll
0x00007ffdc39b0000 - 0x00007ffdc3c7e000 	C:\Windows\system32\nvspcap64.dll
0x00007ffe00a60000 - 0x00007ffe00aad000 	C:\Windows\SYSTEM32\powrprof.dll
0x00007ffe00b50000 - 0x00007ffe00b63000 	C:\Windows\SYSTEM32\UMPDC.dll
0x00007ffe00d00000 - 0x00007ffe00d63000 	C:\Windows\SYSTEM32\WINSTA.dll
0x00007ffde7180000 - 0x00007ffde72ad000 	C:\Windows\SYSTEM32\textinputframework.dll
0x00007ffdf9c90000 - 0x00007ffdf9ffd000 	C:\Windows\SYSTEM32\CoreUIComponents.dll
0x00007ffde9940000 - 0x00007ffde99a9000 	C:\Windows\system32\Oleacc.dll
0x00007ffd93aa0000 - 0x00007ffd93afd000 	C:\Users\felom\AppData\Local\Temp\lwjglsnek\3.3.1-build-7\lwjgl_opengl.dll

dbghelp: loaded successfully - version: 4.0.5 - missing functions: none
symbol engine: initialized successfully - sym options: 0x614 - pdb path: .;C:\Users\felom\.jdks\corretto-11.0.16\bin;C:\Windows\SYSTEM32;C:\Windows\WinSxS\amd64_microsoft.windows.common-controls_6595b64144ccf1df_6.0.22000.120_none_9d947278b86cc467;C:\Users\felom\.jdks\corretto-11.0.16\bin\server;C:\Users\felom\AppData\Local\Temp\lwjglsnek\3.3.1-build-7;C:\Windows\System32\DriverStore\FileRepository\nv_dispi.inf_amd64_70cfb45e19c20af4

VM Arguments:
jvm_args: -Dfile.encoding=windows-31j -Duser.country=US -Duser.language=en -Duser.variant 
java_command: SimpleCylinder
java_class_path (initial): E:\AUA\CompGraph\OpenglJavaSample\build\classes\java\main;E:\AUA\CompGraph\OpenglJavaSample\build\resources\main;C:\Users\felom\.gradle\caches\modules-2\files-2.1\org.lwjgl\lwjgl-glfw\3.3.1\cbac1b8d30cb4795149c1ef540f912671a8616d0\lwjgl-glfw-3.3.1.jar;C:\Users\felom\.gradle\caches\modules-2\files-2.1\org.lwjgl\lwjgl-glfw\3.3.1\ed892f945cf7e79c8756796f32d00fa4ceaf573b\lwjgl-glfw-3.3.1-natives-windows.jar;C:\Users\felom\.gradle\caches\modules-2\files-2.1\org.lwjgl\lwjgl-opengl\3.3.1\831a5533a21a5f4f81bbc51bb13e9899319b5411\lwjgl-opengl-3.3.1.jar;C:\Users\felom\.gradle\caches\modules-2\files-2.1\org.lwjgl\lwjgl-opengl\3.3.1\c1807e9bd571402787d7e37e3029776ae2513bb8\lwjgl-opengl-3.3.1-natives-windows.jar;C:\Users\felom\.gradle\caches\modules-2\files-2.1\org.lwjgl\lwjgl-stb\3.3.1\b119297cf8ed01f247abe8685857f8e7fcf5980f\lwjgl-stb-3.3.1.jar;C:\Users\felom\.gradle\caches\modules-2\files-2.1\org.lwjgl\lwjgl-stb\3.3.1\86315914ac119efdb02dc9e8e978ade84f1702af\lwjgl-stb-3.3.1-natives-windows.jar;C:\Users\felom\.gradle\caches\modules-2\files-2.1\org.lwjgl\lwjgl\3.3.1\ae58664f88e18a9bb2c77b063833ca7aaec484cb\lwjgl-3.3.1.jar;C:\Users\felom\.gradle\caches\modules-2\files-2.1\org.lwjgl\lwjgl\3.3.1\36c37f16ab611b3aa11f3bcf80b1d509b4ce6b\lwjgl-3.3.1-natives-windows.jar;C:\Users\felom\.gradle\caches\modules-2\files-2.1\org.joml\joml\1.10.4\19cb0a0f0f8a938785ebd5b2a2268ea2e65dabae\joml-1.10.4.jar
Launcher Type: SUN_STANDARD

[Global flags]
     intx CICompilerCount                          = 12                                        {product} {ergonomic}
     uint ConcGCThreads                            = 3                                         {product} {ergonomic}
     uint G1ConcRefinementThreads                  = 13                                        {product} {ergonomic}
   size_t G1HeapRegionSize                         = 1048576                                   {product} {ergonomic}
    uintx GCDrainStackTargetSize                   = 64                                        {product} {ergonomic}
   size_t InitialHeapSize                          = 268435456                                 {product} {ergonomic}
   size_t MarkStackSize                            = 4194304                                   {product} {ergonomic}
   size_t MaxHeapSize                              = 4273995776                                {product} {ergonomic}
   size_t MaxNewSize                               = 2563768320                                {product} {ergonomic}
   size_t MinHeapDeltaBytes                        = 1048576                                   {product} {ergonomic}
    uintx NonNMethodCodeHeapSize                   = 7594288                                {pd product} {ergonomic}
    uintx NonProfiledCodeHeapSize                  = 122031976                              {pd product} {ergonomic}
    uintx ProfiledCodeHeapSize                     = 122031976                              {pd product} {ergonomic}
    uintx ReservedCodeCacheSize                    = 251658240                              {pd product} {ergonomic}
     bool SegmentedCodeCache                       = true                                      {product} {ergonomic}
     bool UseCompressedClassPointers               = true                                 {lp64_product} {ergonomic}
     bool UseCompressedOops                        = true                                 {lp64_product} {ergonomic}
     bool UseG1GC                                  = true                                      {product} {ergonomic}
     bool UseLargePagesIndividualAllocation        = false                                  {pd product} {ergonomic}

Logging:
Log output configuration:
 #0: stdout all=warning uptime,level,tags
 #1: stderr all=off uptime,level,tags

Environment Variables:
PATH=C:\Program Files\NVIDIA GPU Computing Toolkit\CUDA\v11.7\bin;C:\Program Files\NVIDIA GPU Computing Toolkit\CUDA\v11.7\libnvvp;;C:\Program Files\NVIDIA GPU Computing Toolkit\CUDA\v11.3\bin;C:\Program Files\NVIDIA GPU Computing Toolkit\CUDA\v11.3\libnvvp;C:\Program Files\Eclipse Adoptium\jdk-17.0.3.7-hotspot\bin;C:\Program Files\Common Files\Oracle\Java\javapath;C:\Program Files (x86)\Common Files\Oracle\Java\javapath;C:\Windows\system32;C:\Windows;C:\Windows\System32\Wbem;C:\Windows\System32\WindowsPowerShell\v1.0\;C:\Windows\System32\OpenSSH\;C:\Program Files\Git\cmd;C:\Program Files\dotnet\;C:\Program Files\NVIDIA Corporation\NVIDIA NvDLISR;C:\Program Files (x86)\NVIDIA Corporation\PhysX\Common;C:\Program Files\NVIDIA Corporation\Nsight Compute 2022.2.1\;C:\Users\felom\AppData\Local\Programs\Python\Python310\Scripts\;C:\Users\felom\AppData\Local\Programs\Python\Python310\;C:\Users\felom\AppData\Local\Microsoft\WindowsApps;C:\Program Files\JetBrains\IntelliJ IDEA 2021.3.2\bin;;C:\Users\felom\AppData\Local\GitHubDesktop\bin;C:\Users\felom\AppData\Local\Programs\Microsoft VS Code\bin;C:\Users\felom\AppData\Local\Programs\oh-my-posh\bin;C:\Users\felom\AppData\Local\spicetify
USERNAME=snek
OS=Windows_NT
PROCESSOR_IDENTIFIER=AMD64 Family 23 Model 113 Stepping 0, AuthenticAMD
TMP=C:\Users\felom\AppData\Local\Temp
TEMP=C:\Users\felom\AppData\Local\Temp



---------------  S Y S T E M  ---------------

OS: Windows 11 , 64 bit Build 22000 (10.0.22000.708)
OS uptime: 0 days 4:55 hours
Hyper-V role detected

CPU:total 16 (initial active 16) (16 cores per cpu, 2 threads per core) family 23 model 113 stepping 0 microcode 0x0, cmov, cx8, fxsr, mmx, sse, sse2, sse3, ssse3, sse4.1, sse4.2, popcnt, avx, avx2, aes, clmul, mmxext, 3dnowpref, lzcnt, sse4a, ht, tsc, tscinvbit, tscinv, bmi1, bmi2, adx, sha, fma

Memory: 4k page, system-wide physical 16296M (4580M free)
TotalPageFile size 32168M (AvailPageFile size 12113M)
current process WorkingSet (physical memory assigned to process): 101M, peak: 101M
current process commit charge ("private bytes"): 400M, peak: 401M

vm_info: OpenJDK 64-Bit Server VM (11.0.16+8-LTS) for windows-amd64 JRE (11.0.16+8-LTS), built on Jul 17 2022 01:39:49 by "Administrator" with MS VC++ 15.9 (VS2017)

END.
