#
# A fatal error has been detected by the Java Runtime Environment:
#
#  EXCEPTION_ACCESS_VIOLATION (0xc0000005) at pc=0x00007fff8a5ffbe0, pid=15804, tid=23048
#
# JRE version: OpenJDK Runtime Environment Corretto-11.0.16.8.1 (11.0.16+8) (build 11.0.16+8-LTS)
# Java VM: OpenJDK 64-Bit Server VM Corretto-11.0.16.8.1 (11.0.16+8-LTS, mixed mode, tiered, compressed oops, g1 gc, windows-amd64)
# Problematic frame:
# C  [nvoglv64.dll+0x93fbe0]
#
# No core dump will be written. Minidumps are not enabled by default on client versions of Windows
#
# If you would like to submit a bug report, please visit:
#   https://github.com/corretto/corretto-11/issues/
# The crash happened outside the Java Virtual Machine in native code.
# See problematic frame for where to report the bug.
#

---------------  S U M M A R Y ------------

Command Line: -Dfile.encoding=windows-1252 -Duser.country=US -Duser.language=en -Duser.variant SimpleCylinder

Host: AMD Ryzen 7 3700X 8-Core Processor             , 16 cores, 15G,  Windows 11 , 64 bit Build 22000 (10.0.22000.708)
Time: Sun Dec 11 21:35:54 2022 Caucasus Standard Time elapsed time: 0.775670 seconds (0d 0h 0m 0s)

---------------  T H R E A D  ---------------

Current thread (0x000002188b90d800):  JavaThread "main" [_thread_in_native, id=23048, stack(0x0000005507600000,0x0000005507700000)]

Stack: [0x0000005507600000,0x0000005507700000],  sp=0x00000055076ff040,  free space=1020k
Native frames: (J=compiled Java code, j=interpreted, Vv=VM code, C=native code)
C  [nvoglv64.dll+0x93fbe0]

Java frames: (J=compiled Java code, j=interpreted, Vv=VM code)
j  org.lwjgl.opengl.GL11C.nglDrawElements(IIIJ)V+0
j  org.lwjgl.opengl.GL11C.glDrawElements(IIIJ)V+4
j  org.lwjgl.opengl.GL11.glDrawElements(IIIJ)V+4
j  SimpleCylinder.loop()V+838
j  SimpleCylinder.run()V+5
j  SimpleCylinder.main([Ljava/lang/String;)V+7
v  ~StubRoutines::call_stub

siginfo: EXCEPTION_ACCESS_VIOLATION (0xc0000005), reading address 0x0000000000000000


Register to memory mapping:

RIP=0x00007fff8a5ffbe0 nvoglv64.dll
RAX=0x0 is NULL
RBX=0x0 is NULL
RCX=0x00000000ffffefc1 is an unknown value
RDX=0x00000218b4f3c7a0 points into unknown readable memory: 0x0000000000000000 | 00 00 00 00 00 00 00 00
RSP=0x00000055076ff040 is pointing into the stack for thread: 0x000002188b90d800
RBP=0x0000000000020824 is an unknown value
RSI=0x00000000000081fe is an unknown value
RDI=0x00000218b2089080 points into unknown readable memory: 0x0000000000000000 | 00 00 00 00 00 00 00 00
R8 =0x0000000000000006 is an unknown value
R9 =0x00000218b4f3c778 points into unknown readable memory: 0x0000000510412006 | 06 20 41 10 05 00 00 00
R10=0x00000218b4f3c790 points into unknown readable memory: 0x0000000000000000 | 00 00 00 00 00 00 00 00
R11=0x000000000000103f is an unknown value
R12=0x00000218b4f3c7a0 points into unknown readable memory: 0x0000000000000000 | 00 00 00 00 00 00 00 00
R13=0x0000000000001405 is an unknown value
R14=0x00000000000207f8 is an unknown value
R15=0x0 is NULL


Registers:
RAX=0x0000000000000000, RBX=0x0000000000000000, RCX=0x00000000ffffefc1, RDX=0x00000218b4f3c7a0
RSP=0x00000055076ff040, RBP=0x0000000000020824, RSI=0x00000000000081fe, RDI=0x00000218b2089080
R8 =0x0000000000000006, R9 =0x00000218b4f3c778, R10=0x00000218b4f3c790, R11=0x000000000000103f
R12=0x00000218b4f3c7a0, R13=0x0000000000001405, R14=0x00000000000207f8, R15=0x0000000000000000
RIP=0x00007fff8a5ffbe0, EFLAGS=0x0000000000010293

Top of Stack: (sp=0x00000055076ff040)
0x00000055076ff040:   000002188b90d800 000002188b90d800
0x00000055076ff050:   000002189407a527 00007fffa7e16ecc
0x00000055076ff060:   00000055076ff080 00000218896fc1a0
0x00000055076ff070:   00000218b114e928 00000218940bcdff
0x00000055076ff080:   00000218b80f3aa0 000002188b90d800
0x00000055076ff090:   0000000000000000 0000000000000000
0x00000055076ff0a0:   000002188b90d800 00000218b80f3aa0
0x00000055076ff0b0:   0000000000000000 000002189407a527
0x00000055076ff0c0:   00000218b114e928 000002189407f777
0x00000055076ff0d0:   00000055076ff168 00007fffa8075e01
0x00000055076ff0e0:   00000055076ff1a8 00000218b80f3aa0
0x00000055076ff0f0:   0000021800001405 0000000000000000
0x00000055076ff100:   00000218b114e928 00007fffa806f3bf
0x00000055076ff110:   3ff0000000000000 000002189407f416
0x00000055076ff120:   00000055076ff120 00000218b80f3aa0
0x00000055076ff130:   00000055076ff1a8 00000218b80fe6f8 

Instructions: (pc=0x00007fff8a5ffbe0)
0x00007fff8a5ffae0:   90 00 00 00 4c 8b b4 24 a0 00 00 00 48 8b 9c 24
0x00007fff8a5ffaf0:   a8 00 00 00 48 83 c4 60 41 5f 41 5d 41 5c 5f 5e
0x00007fff8a5ffb00:   c3 4c 8b 4f 40 8b c3 48 8b 4f 50 49 2b c9 48 c1
0x00007fff8a5ffb10:   f9 02 85 c9 0f 49 c1 c1 e0 02 3b e8 72 0e 8b d5
0x00007fff8a5ffb20:   48 8b cf e8 b8 48 21 00 4c 8b 4f 40 8b c5 45 89
0x00007fff8a5ffb30:   61 04 c1 e0 0b 83 c8 06 41 89 71 08 41 89 01 45
0x00007fff8a5ffb40:   89 69 0c 4d 89 79 10 38 9c 24 98 00 00 00 0f 84
0x00007fff8a5ffb50:   15 01 00 00 4c 8b 57 40 41 8d 4f 0f 83 e1 f0 49
0x00007fff8a5ffb60:   83 c2 18 41 2b cf 0f 57 db d1 f9 49 8b c7 44 8b
0x00007fff8a5ffb70:   c6 66 0f 7f 5c 24 50 49 8d 52 04 03 ca 49 8d 52
0x00007fff8a5ffb80:   04 f7 d9 83 e1 0f 48 03 d1 4c 8b e2 41 f6 c7 0f
0x00007fff8a5ffb90:   74 1b 45 85 c0 74 16 8b 08 41 ff c8 66 89 0a 0b
0x00007fff8a5ffba0:   d9 48 83 c2 02 48 83 c0 04 a8 0f 75 e5 41 83 f8
0x00007fff8a5ffbb0:   08 7e 71 66 0f 6f 25 c5 58 9b 01 41 8d 48 f7 66
0x00007fff8a5ffbc0:   0f 6f 2d c9 58 9b 01 c1 e9 03 ff c1 44 8b d9 f7
0x00007fff8a5ffbd0:   d9 45 8d 04 c8 66 66 66 0f 1f 84 00 00 00 00 00
0x00007fff8a5ffbe0:   f3 0f 6f 10 f3 0f 6f 48 10 66 0f 6f c2 66 0f eb
0x00007fff8a5ffbf0:   c3 48 83 c0 20 66 0f 6f d8 66 0f eb d9 0f 18 00
0x00007fff8a5ffc00:   66 0f fe d4 66 0f fe cc 66 0f 6b d1 66 0f fd d5
0x00007fff8a5ffc10:   f3 0f 7f 12 48 83 c2 10 49 83 eb 01 75 c2 66 0f
0x00007fff8a5ffc20:   7f 5c 24 50 8b 4c 24 5c 0b 4c 24 58 0b 4c 24 54
0x00007fff8a5ffc30:   0b 4c 24 50 0b d9 45 85 c0 74 1a 0f 1f 44 00 00
0x00007fff8a5ffc40:   8b 08 0b d9 66 89 0a 48 8d 52 02 48 8d 40 04 41
0x00007fff8a5ffc50:   83 e8 01 75 eb 45 2b e2 45 89 22 f7 c3 00 00 ff
0x00007fff8a5ffc60:   ff 74 46 ff 87 2c f0 55 00 48 8b 5f 40 49 8b d7
0x00007fff8a5ffc70:   4d 63 c6 48 8d 4b 1c e8 d4 34 95 00 c7 43 18 04
0x00007fff8a5ffc80:   00 00 00 48 63 c5 48 83 e0 fc 48 01 47 40 48 8b
0x00007fff8a5ffc90:   47 40 48 3b 47 48 0f 82 40 fe ff ff 48 8b cf e8
0x00007fff8a5ffca0:   6c 43 21 00 e9 33 fe ff ff 41 c7 41 0c 03 14 00
0x00007fff8a5ffcb0:   00 41 8b 2a 48 8b 47 40 83 c5 03 8d 6c 75 00 83
0x00007fff8a5ffcc0:   e5 fc 83 c5 18 8b cd c1 e1 0b 83 c9 06 89 08 8b
0x00007fff8a5ffcd0:   87 2c f0 55 00 85 c0 74 aa ff c8 89 87 2c f0 55 


Stack slot to memory mapping:
stack at sp + 0 slots: 0x000002188b90d800 is a thread
stack at sp + 1 slots: 0x000002188b90d800 is a thread
stack at sp + 2 slots: 0x000002189407a527 is at code_begin+2343 in an Interpreter codelet
invoke return entry points  [0x0000021894079c00, 0x000002189407a600]  2560 bytes
stack at sp + 3 slots: 0x00007fffa7e16ecc jvm.dll
stack at sp + 4 slots: 0x00000055076ff080 is pointing into the stack for thread: 0x000002188b90d800
stack at sp + 5 slots: 0x00000218896fc1a0 points into unknown readable memory: 0x0000000000000002 | 02 00 00 00 00 00 00 00
stack at sp + 6 slots: 0x00000218b114e928 points into unknown readable memory: 0x00736f5077656976 | 76 69 65 77 50 6f 73 00
stack at sp + 7 slots: 0x00000218940bcdff is at code_begin+3839 in 
[CodeBlob (0x00000218940bbe90)]
Framesize: 0
BufferBlob (0x00000218940bbe90) used for native signature handlers


---------------  P R O C E S S  ---------------

Threads class SMR info:
_java_thread_list=0x00000218b0c71480, length=11, elements={
0x000002188b90d800, 0x00000218b01b3000, 0x00000218b0a6a800, 0x00000218b0ab4800,
0x00000218b0ab5800, 0x00000218b0ab7000, 0x00000218b0aba000, 0x00000218b0ac5000,
0x00000218b0acd800, 0x00000218b0c6b800, 0x00000218b0ce2000
}

Java Threads: ( => current thread )
=>0x000002188b90d800 JavaThread "main" [_thread_in_native, id=23048, stack(0x0000005507600000,0x0000005507700000)]
  0x00000218b01b3000 JavaThread "Reference Handler" daemon [_thread_blocked, id=15544, stack(0x0000005507d00000,0x0000005507e00000)]
  0x00000218b0a6a800 JavaThread "Finalizer" daemon [_thread_blocked, id=19732, stack(0x0000005507e00000,0x0000005507f00000)]
  0x00000218b0ab4800 JavaThread "Signal Dispatcher" daemon [_thread_blocked, id=17264, stack(0x0000005507f00000,0x0000005508000000)]
  0x00000218b0ab5800 JavaThread "Attach Listener" daemon [_thread_blocked, id=5940, stack(0x0000005508000000,0x0000005508100000)]
  0x00000218b0ab7000 JavaThread "Service Thread" daemon [_thread_blocked, id=27600, stack(0x0000005508100000,0x0000005508200000)]
  0x00000218b0aba000 JavaThread "C2 CompilerThread0" daemon [_thread_blocked, id=10088, stack(0x0000005508200000,0x0000005508300000)]
  0x00000218b0ac5000 JavaThread "C1 CompilerThread0" daemon [_thread_blocked, id=17980, stack(0x0000005508300000,0x0000005508400000)]
  0x00000218b0acd800 JavaThread "Sweeper thread" daemon [_thread_blocked, id=19268, stack(0x0000005508400000,0x0000005508500000)]
  0x00000218b0c6b800 JavaThread "Common-Cleaner" daemon [_thread_blocked, id=7472, stack(0x0000005508600000,0x0000005508700000)]
  0x00000218b0ce2000 JavaThread "C1 CompilerThread1" daemon [_thread_blocked, id=25988, stack(0x0000005508700000,0x0000005508800000)]

Other Threads:
  0x00000218b01af800 VMThread "VM Thread" [stack: 0x0000005507c00000,0x0000005507d00000] [id=15180]
  0x00000218b0c5e800 WatcherThread [stack: 0x0000005508500000,0x0000005508600000] [id=19072]
  0x000002188b925800 GCTaskThread "GC Thread#0" [stack: 0x0000005507700000,0x0000005507800000] [id=3916]
  0x000002188b987000 ConcurrentGCThread "G1 Main Marker" [stack: 0x0000005507800000,0x0000005507900000] [id=14096]
  0x000002188b988800 ConcurrentGCThread "G1 Conc#0" [stack: 0x0000005507900000,0x0000005507a00000] [id=27060]
  0x00000218b0098000 ConcurrentGCThread "G1 Refine#0" [stack: 0x0000005507a00000,0x0000005507b00000] [id=24116]
  0x00000218b0099000 ConcurrentGCThread "G1 Young RemSet Sampling" [stack: 0x0000005507b00000,0x0000005507c00000] [id=23964]

Threads with active compile tasks:

VM state:not at safepoint (normal execution)

VM Mutex/Monitor currently owned by a thread: None

Heap address: 0x0000000701400000, size: 4076 MB, Compressed Oops mode: Zero based, Oop shift amount: 3
Narrow klass base: 0x0000000800000000, Narrow klass shift: 0
Compressed class space size: 1073741824 Address: 0x0000000800000000

Heap:
 garbage-first heap   total 262144K, used 12288K [0x0000000701400000, 0x0000000800000000)
  region size 1024K, 14 young (14336K), 0 survivors (0K)
 Metaspace       used 12057K, capacity 12253K, committed 12416K, reserved 1060864K
  class space    used 810K, capacity 879K, committed 896K, reserved 1048576K
Heap Regions: E=young(eden), S=young(survivor), O=old, HS=humongous(starts), HC=humongous(continues), CS=collection set, F=free, A=archive, TAMS=top-at-mark-start (previous, next)
|   0|0x0000000701400000, 0x0000000701400000, 0x0000000701500000|  0%| F|  |TAMS 0x0000000701400000, 0x0000000701400000| Untracked 
|   1|0x0000000701500000, 0x0000000701500000, 0x0000000701600000|  0%| F|  |TAMS 0x0000000701500000, 0x0000000701500000| Untracked 
|   2|0x0000000701600000, 0x0000000701600000, 0x0000000701700000|  0%| F|  |TAMS 0x0000000701600000, 0x0000000701600000| Untracked 
|   3|0x0000000701700000, 0x0000000701700000, 0x0000000701800000|  0%| F|  |TAMS 0x0000000701700000, 0x0000000701700000| Untracked 
|   4|0x0000000701800000, 0x0000000701800000, 0x0000000701900000|  0%| F|  |TAMS 0x0000000701800000, 0x0000000701800000| Untracked 
|   5|0x0000000701900000, 0x0000000701900000, 0x0000000701a00000|  0%| F|  |TAMS 0x0000000701900000, 0x0000000701900000| Untracked 
|   6|0x0000000701a00000, 0x0000000701a00000, 0x0000000701b00000|  0%| F|  |TAMS 0x0000000701a00000, 0x0000000701a00000| Untracked 
|   7|0x0000000701b00000, 0x0000000701b00000, 0x0000000701c00000|  0%| F|  |TAMS 0x0000000701b00000, 0x0000000701b00000| Untracked 
|   8|0x0000000701c00000, 0x0000000701c00000, 0x0000000701d00000|  0%| F|  |TAMS 0x0000000701c00000, 0x0000000701c00000| Untracked 
|   9|0x0000000701d00000, 0x0000000701d00000, 0x0000000701e00000|  0%| F|  |TAMS 0x0000000701d00000, 0x0000000701d00000| Untracked 
|  10|0x0000000701e00000, 0x0000000701e00000, 0x0000000701f00000|  0%| F|  |TAMS 0x0000000701e00000, 0x0000000701e00000| Untracked 
|  11|0x0000000701f00000, 0x0000000701f00000, 0x0000000702000000|  0%| F|  |TAMS 0x0000000701f00000, 0x0000000701f00000| Untracked 
|  12|0x0000000702000000, 0x0000000702000000, 0x0000000702100000|  0%| F|  |TAMS 0x0000000702000000, 0x0000000702000000| Untracked 
|  13|0x0000000702100000, 0x0000000702100000, 0x0000000702200000|  0%| F|  |TAMS 0x0000000702100000, 0x0000000702100000| Untracked 
|  14|0x0000000702200000, 0x0000000702200000, 0x0000000702300000|  0%| F|  |TAMS 0x0000000702200000, 0x0000000702200000| Untracked 
|  15|0x0000000702300000, 0x0000000702300000, 0x0000000702400000|  0%| F|  |TAMS 0x0000000702300000, 0x0000000702300000| Untracked 
|  16|0x0000000702400000, 0x0000000702400000, 0x0000000702500000|  0%| F|  |TAMS 0x0000000702400000, 0x0000000702400000| Untracked 
|  17|0x0000000702500000, 0x0000000702500000, 0x0000000702600000|  0%| F|  |TAMS 0x0000000702500000, 0x0000000702500000| Untracked 
|  18|0x0000000702600000, 0x0000000702600000, 0x0000000702700000|  0%| F|  |TAMS 0x0000000702600000, 0x0000000702600000| Untracked 
|  19|0x0000000702700000, 0x0000000702700000, 0x0000000702800000|  0%| F|  |TAMS 0x0000000702700000, 0x0000000702700000| Untracked 
|  20|0x0000000702800000, 0x0000000702800000, 0x0000000702900000|  0%| F|  |TAMS 0x0000000702800000, 0x0000000702800000| Untracked 
|  21|0x0000000702900000, 0x0000000702900000, 0x0000000702a00000|  0%| F|  |TAMS 0x0000000702900000, 0x0000000702900000| Untracked 
|  22|0x0000000702a00000, 0x0000000702a00000, 0x0000000702b00000|  0%| F|  |TAMS 0x0000000702a00000, 0x0000000702a00000| Untracked 
|  23|0x0000000702b00000, 0x0000000702b00000, 0x0000000702c00000|  0%| F|  |TAMS 0x0000000702b00000, 0x0000000702b00000| Untracked 
|  24|0x0000000702c00000, 0x0000000702c00000, 0x0000000702d00000|  0%| F|  |TAMS 0x0000000702c00000, 0x0000000702c00000| Untracked 
|  25|0x0000000702d00000, 0x0000000702d00000, 0x0000000702e00000|  0%| F|  |TAMS 0x0000000702d00000, 0x0000000702d00000| Untracked 
|  26|0x0000000702e00000, 0x0000000702e00000, 0x0000000702f00000|  0%| F|  |TAMS 0x0000000702e00000, 0x0000000702e00000| Untracked 
|  27|0x0000000702f00000, 0x0000000702f00000, 0x0000000703000000|  0%| F|  |TAMS 0x0000000702f00000, 0x0000000702f00000| Untracked 
|  28|0x0000000703000000, 0x0000000703000000, 0x0000000703100000|  0%| F|  |TAMS 0x0000000703000000, 0x0000000703000000| Untracked 
|  29|0x0000000703100000, 0x0000000703100000, 0x0000000703200000|  0%| F|  |TAMS 0x0000000703100000, 0x0000000703100000| Untracked 
|  30|0x0000000703200000, 0x0000000703200000, 0x0000000703300000|  0%| F|  |TAMS 0x0000000703200000, 0x0000000703200000| Untracked 
|  31|0x0000000703300000, 0x0000000703300000, 0x0000000703400000|  0%| F|  |TAMS 0x0000000703300000, 0x0000000703300000| Untracked 
|  32|0x0000000703400000, 0x0000000703400000, 0x0000000703500000|  0%| F|  |TAMS 0x0000000703400000, 0x0000000703400000| Untracked 
|  33|0x0000000703500000, 0x0000000703500000, 0x0000000703600000|  0%| F|  |TAMS 0x0000000703500000, 0x0000000703500000| Untracked 
|  34|0x0000000703600000, 0x0000000703600000, 0x0000000703700000|  0%| F|  |TAMS 0x0000000703600000, 0x0000000703600000| Untracked 
|  35|0x0000000703700000, 0x0000000703700000, 0x0000000703800000|  0%| F|  |TAMS 0x0000000703700000, 0x0000000703700000| Untracked 
|  36|0x0000000703800000, 0x0000000703800000, 0x0000000703900000|  0%| F|  |TAMS 0x0000000703800000, 0x0000000703800000| Untracked 
|  37|0x0000000703900000, 0x0000000703900000, 0x0000000703a00000|  0%| F|  |TAMS 0x0000000703900000, 0x0000000703900000| Untracked 
|  38|0x0000000703a00000, 0x0000000703a00000, 0x0000000703b00000|  0%| F|  |TAMS 0x0000000703a00000, 0x0000000703a00000| Untracked 
|  39|0x0000000703b00000, 0x0000000703b00000, 0x0000000703c00000|  0%| F|  |TAMS 0x0000000703b00000, 0x0000000703b00000| Untracked 
|  40|0x0000000703c00000, 0x0000000703c00000, 0x0000000703d00000|  0%| F|  |TAMS 0x0000000703c00000, 0x0000000703c00000| Untracked 
|  41|0x0000000703d00000, 0x0000000703d00000, 0x0000000703e00000|  0%| F|  |TAMS 0x0000000703d00000, 0x0000000703d00000| Untracked 
|  42|0x0000000703e00000, 0x0000000703e00000, 0x0000000703f00000|  0%| F|  |TAMS 0x0000000703e00000, 0x0000000703e00000| Untracked 
|  43|0x0000000703f00000, 0x0000000703f00000, 0x0000000704000000|  0%| F|  |TAMS 0x0000000703f00000, 0x0000000703f00000| Untracked 
|  44|0x0000000704000000, 0x0000000704000000, 0x0000000704100000|  0%| F|  |TAMS 0x0000000704000000, 0x0000000704000000| Untracked 
|  45|0x0000000704100000, 0x0000000704100000, 0x0000000704200000|  0%| F|  |TAMS 0x0000000704100000, 0x0000000704100000| Untracked 
|  46|0x0000000704200000, 0x0000000704200000, 0x0000000704300000|  0%| F|  |TAMS 0x0000000704200000, 0x0000000704200000| Untracked 
|  47|0x0000000704300000, 0x0000000704300000, 0x0000000704400000|  0%| F|  |TAMS 0x0000000704300000, 0x0000000704300000| Untracked 
|  48|0x0000000704400000, 0x0000000704400000, 0x0000000704500000|  0%| F|  |TAMS 0x0000000704400000, 0x0000000704400000| Untracked 
|  49|0x0000000704500000, 0x0000000704500000, 0x0000000704600000|  0%| F|  |TAMS 0x0000000704500000, 0x0000000704500000| Untracked 
|  50|0x0000000704600000, 0x0000000704600000, 0x0000000704700000|  0%| F|  |TAMS 0x0000000704600000, 0x0000000704600000| Untracked 
|  51|0x0000000704700000, 0x0000000704700000, 0x0000000704800000|  0%| F|  |TAMS 0x0000000704700000, 0x0000000704700000| Untracked 
|  52|0x0000000704800000, 0x0000000704800000, 0x0000000704900000|  0%| F|  |TAMS 0x0000000704800000, 0x0000000704800000| Untracked 
|  53|0x0000000704900000, 0x0000000704900000, 0x0000000704a00000|  0%| F|  |TAMS 0x0000000704900000, 0x0000000704900000| Untracked 
|  54|0x0000000704a00000, 0x0000000704a00000, 0x0000000704b00000|  0%| F|  |TAMS 0x0000000704a00000, 0x0000000704a00000| Untracked 
|  55|0x0000000704b00000, 0x0000000704b00000, 0x0000000704c00000|  0%| F|  |TAMS 0x0000000704b00000, 0x0000000704b00000| Untracked 
|  56|0x0000000704c00000, 0x0000000704c00000, 0x0000000704d00000|  0%| F|  |TAMS 0x0000000704c00000, 0x0000000704c00000| Untracked 
|  57|0x0000000704d00000, 0x0000000704d00000, 0x0000000704e00000|  0%| F|  |TAMS 0x0000000704d00000, 0x0000000704d00000| Untracked 
|  58|0x0000000704e00000, 0x0000000704e00000, 0x0000000704f00000|  0%| F|  |TAMS 0x0000000704e00000, 0x0000000704e00000| Untracked 
|  59|0x0000000704f00000, 0x0000000704f00000, 0x0000000705000000|  0%| F|  |TAMS 0x0000000704f00000, 0x0000000704f00000| Untracked 
|  60|0x0000000705000000, 0x0000000705000000, 0x0000000705100000|  0%| F|  |TAMS 0x0000000705000000, 0x0000000705000000| Untracked 
|  61|0x0000000705100000, 0x0000000705100000, 0x0000000705200000|  0%| F|  |TAMS 0x0000000705100000, 0x0000000705100000| Untracked 
|  62|0x0000000705200000, 0x0000000705200000, 0x0000000705300000|  0%| F|  |TAMS 0x0000000705200000, 0x0000000705200000| Untracked 
|  63|0x0000000705300000, 0x0000000705300000, 0x0000000705400000|  0%| F|  |TAMS 0x0000000705300000, 0x0000000705300000| Untracked 
|  64|0x0000000705400000, 0x0000000705400000, 0x0000000705500000|  0%| F|  |TAMS 0x0000000705400000, 0x0000000705400000| Untracked 
|  65|0x0000000705500000, 0x0000000705500000, 0x0000000705600000|  0%| F|  |TAMS 0x0000000705500000, 0x0000000705500000| Untracked 
|  66|0x0000000705600000, 0x0000000705600000, 0x0000000705700000|  0%| F|  |TAMS 0x0000000705600000, 0x0000000705600000| Untracked 
|  67|0x0000000705700000, 0x0000000705700000, 0x0000000705800000|  0%| F|  |TAMS 0x0000000705700000, 0x0000000705700000| Untracked 
|  68|0x0000000705800000, 0x0000000705800000, 0x0000000705900000|  0%| F|  |TAMS 0x0000000705800000, 0x0000000705800000| Untracked 
|  69|0x0000000705900000, 0x0000000705900000, 0x0000000705a00000|  0%| F|  |TAMS 0x0000000705900000, 0x0000000705900000| Untracked 
|  70|0x0000000705a00000, 0x0000000705a00000, 0x0000000705b00000|  0%| F|  |TAMS 0x0000000705a00000, 0x0000000705a00000| Untracked 
|  71|0x0000000705b00000, 0x0000000705b00000, 0x0000000705c00000|  0%| F|  |TAMS 0x0000000705b00000, 0x0000000705b00000| Untracked 
|  72|0x0000000705c00000, 0x0000000705c00000, 0x0000000705d00000|  0%| F|  |TAMS 0x0000000705c00000, 0x0000000705c00000| Untracked 
|  73|0x0000000705d00000, 0x0000000705d00000, 0x0000000705e00000|  0%| F|  |TAMS 0x0000000705d00000, 0x0000000705d00000| Untracked 
|  74|0x0000000705e00000, 0x0000000705e00000, 0x0000000705f00000|  0%| F|  |TAMS 0x0000000705e00000, 0x0000000705e00000| Untracked 
|  75|0x0000000705f00000, 0x0000000705f00000, 0x0000000706000000|  0%| F|  |TAMS 0x0000000705f00000, 0x0000000705f00000| Untracked 
|  76|0x0000000706000000, 0x0000000706000000, 0x0000000706100000|  0%| F|  |TAMS 0x0000000706000000, 0x0000000706000000| Untracked 
|  77|0x0000000706100000, 0x0000000706100000, 0x0000000706200000|  0%| F|  |TAMS 0x0000000706100000, 0x0000000706100000| Untracked 
|  78|0x0000000706200000, 0x0000000706200000, 0x0000000706300000|  0%| F|  |TAMS 0x0000000706200000, 0x0000000706200000| Untracked 
|  79|0x0000000706300000, 0x0000000706300000, 0x0000000706400000|  0%| F|  |TAMS 0x0000000706300000, 0x0000000706300000| Untracked 
|  80|0x0000000706400000, 0x0000000706400000, 0x0000000706500000|  0%| F|  |TAMS 0x0000000706400000, 0x0000000706400000| Untracked 
|  81|0x0000000706500000, 0x0000000706500000, 0x0000000706600000|  0%| F|  |TAMS 0x0000000706500000, 0x0000000706500000| Untracked 
|  82|0x0000000706600000, 0x0000000706600000, 0x0000000706700000|  0%| F|  |TAMS 0x0000000706600000, 0x0000000706600000| Untracked 
|  83|0x0000000706700000, 0x0000000706700000, 0x0000000706800000|  0%| F|  |TAMS 0x0000000706700000, 0x0000000706700000| Untracked 
|  84|0x0000000706800000, 0x0000000706800000, 0x0000000706900000|  0%| F|  |TAMS 0x0000000706800000, 0x0000000706800000| Untracked 
|  85|0x0000000706900000, 0x0000000706900000, 0x0000000706a00000|  0%| F|  |TAMS 0x0000000706900000, 0x0000000706900000| Untracked 
|  86|0x0000000706a00000, 0x0000000706a00000, 0x0000000706b00000|  0%| F|  |TAMS 0x0000000706a00000, 0x0000000706a00000| Untracked 
|  87|0x0000000706b00000, 0x0000000706b00000, 0x0000000706c00000|  0%| F|  |TAMS 0x0000000706b00000, 0x0000000706b00000| Untracked 
|  88|0x0000000706c00000, 0x0000000706c00000, 0x0000000706d00000|  0%| F|  |TAMS 0x0000000706c00000, 0x0000000706c00000| Untracked 
|  89|0x0000000706d00000, 0x0000000706d00000, 0x0000000706e00000|  0%| F|  |TAMS 0x0000000706d00000, 0x0000000706d00000| Untracked 
|  90|0x0000000706e00000, 0x0000000706e00000, 0x0000000706f00000|  0%| F|  |TAMS 0x0000000706e00000, 0x0000000706e00000| Untracked 
|  91|0x0000000706f00000, 0x0000000706f00000, 0x0000000707000000|  0%| F|  |TAMS 0x0000000706f00000, 0x0000000706f00000| Untracked 
|  92|0x0000000707000000, 0x0000000707000000, 0x0000000707100000|  0%| F|  |TAMS 0x0000000707000000, 0x0000000707000000| Untracked 
|  93|0x0000000707100000, 0x0000000707100000, 0x0000000707200000|  0%| F|  |TAMS 0x0000000707100000, 0x0000000707100000| Untracked 
|  94|0x0000000707200000, 0x0000000707200000, 0x0000000707300000|  0%| F|  |TAMS 0x0000000707200000, 0x0000000707200000| Untracked 
|  95|0x0000000707300000, 0x0000000707300000, 0x0000000707400000|  0%| F|  |TAMS 0x0000000707300000, 0x0000000707300000| Untracked 
|  96|0x0000000707400000, 0x0000000707400000, 0x0000000707500000|  0%| F|  |TAMS 0x0000000707400000, 0x0000000707400000| Untracked 
|  97|0x0000000707500000, 0x0000000707500000, 0x0000000707600000|  0%| F|  |TAMS 0x0000000707500000, 0x0000000707500000| Untracked 
|  98|0x0000000707600000, 0x0000000707600000, 0x0000000707700000|  0%| F|  |TAMS 0x0000000707600000, 0x0000000707600000| Untracked 
|  99|0x0000000707700000, 0x0000000707700000, 0x0000000707800000|  0%| F|  |TAMS 0x0000000707700000, 0x0000000707700000| Untracked 
| 100|0x0000000707800000, 0x0000000707800000, 0x0000000707900000|  0%| F|  |TAMS 0x0000000707800000, 0x0000000707800000| Untracked 
| 101|0x0000000707900000, 0x0000000707900000, 0x0000000707a00000|  0%| F|  |TAMS 0x0000000707900000, 0x0000000707900000| Untracked 
| 102|0x0000000707a00000, 0x0000000707a00000, 0x0000000707b00000|  0%| F|  |TAMS 0x0000000707a00000, 0x0000000707a00000| Untracked 
| 103|0x0000000707b00000, 0x0000000707b00000, 0x0000000707c00000|  0%| F|  |TAMS 0x0000000707b00000, 0x0000000707b00000| Untracked 
| 104|0x0000000707c00000, 0x0000000707c00000, 0x0000000707d00000|  0%| F|  |TAMS 0x0000000707c00000, 0x0000000707c00000| Untracked 
| 105|0x0000000707d00000, 0x0000000707d00000, 0x0000000707e00000|  0%| F|  |TAMS 0x0000000707d00000, 0x0000000707d00000| Untracked 
| 106|0x0000000707e00000, 0x0000000707e00000, 0x0000000707f00000|  0%| F|  |TAMS 0x0000000707e00000, 0x0000000707e00000| Untracked 
| 107|0x0000000707f00000, 0x0000000707f00000, 0x0000000708000000|  0%| F|  |TAMS 0x0000000707f00000, 0x0000000707f00000| Untracked 
| 108|0x0000000708000000, 0x0000000708000000, 0x0000000708100000|  0%| F|  |TAMS 0x0000000708000000, 0x0000000708000000| Untracked 
| 109|0x0000000708100000, 0x0000000708100000, 0x0000000708200000|  0%| F|  |TAMS 0x0000000708100000, 0x0000000708100000| Untracked 
| 110|0x0000000708200000, 0x0000000708200000, 0x0000000708300000|  0%| F|  |TAMS 0x0000000708200000, 0x0000000708200000| Untracked 
| 111|0x0000000708300000, 0x0000000708300000, 0x0000000708400000|  0%| F|  |TAMS 0x0000000708300000, 0x0000000708300000| Untracked 
| 112|0x0000000708400000, 0x0000000708400000, 0x0000000708500000|  0%| F|  |TAMS 0x0000000708400000, 0x0000000708400000| Untracked 
| 113|0x0000000708500000, 0x0000000708500000, 0x0000000708600000|  0%| F|  |TAMS 0x0000000708500000, 0x0000000708500000| Untracked 
| 114|0x0000000708600000, 0x0000000708600000, 0x0000000708700000|  0%| F|  |TAMS 0x0000000708600000, 0x0000000708600000| Untracked 
| 115|0x0000000708700000, 0x0000000708700000, 0x0000000708800000|  0%| F|  |TAMS 0x0000000708700000, 0x0000000708700000| Untracked 
| 116|0x0000000708800000, 0x0000000708800000, 0x0000000708900000|  0%| F|  |TAMS 0x0000000708800000, 0x0000000708800000| Untracked 
| 117|0x0000000708900000, 0x0000000708900000, 0x0000000708a00000|  0%| F|  |TAMS 0x0000000708900000, 0x0000000708900000| Untracked 
| 118|0x0000000708a00000, 0x0000000708a00000, 0x0000000708b00000|  0%| F|  |TAMS 0x0000000708a00000, 0x0000000708a00000| Untracked 
| 119|0x0000000708b00000, 0x0000000708b00000, 0x0000000708c00000|  0%| F|  |TAMS 0x0000000708b00000, 0x0000000708b00000| Untracked 
| 120|0x0000000708c00000, 0x0000000708c00000, 0x0000000708d00000|  0%| F|  |TAMS 0x0000000708c00000, 0x0000000708c00000| Untracked 
| 121|0x0000000708d00000, 0x0000000708d00000, 0x0000000708e00000|  0%| F|  |TAMS 0x0000000708d00000, 0x0000000708d00000| Untracked 
| 122|0x0000000708e00000, 0x0000000708e00000, 0x0000000708f00000|  0%| F|  |TAMS 0x0000000708e00000, 0x0000000708e00000| Untracked 
| 123|0x0000000708f00000, 0x0000000708f00000, 0x0000000709000000|  0%| F|  |TAMS 0x0000000708f00000, 0x0000000708f00000| Untracked 
| 124|0x0000000709000000, 0x0000000709000000, 0x0000000709100000|  0%| F|  |TAMS 0x0000000709000000, 0x0000000709000000| Untracked 
| 125|0x0000000709100000, 0x0000000709100000, 0x0000000709200000|  0%| F|  |TAMS 0x0000000709100000, 0x0000000709100000| Untracked 
| 126|0x0000000709200000, 0x0000000709200000, 0x0000000709300000|  0%| F|  |TAMS 0x0000000709200000, 0x0000000709200000| Untracked 
| 127|0x0000000709300000, 0x0000000709300000, 0x0000000709400000|  0%| F|  |TAMS 0x0000000709300000, 0x0000000709300000| Untracked 
| 128|0x0000000709400000, 0x0000000709400000, 0x0000000709500000|  0%| F|  |TAMS 0x0000000709400000, 0x0000000709400000| Untracked 
| 129|0x0000000709500000, 0x0000000709500000, 0x0000000709600000|  0%| F|  |TAMS 0x0000000709500000, 0x0000000709500000| Untracked 
| 130|0x0000000709600000, 0x0000000709600000, 0x0000000709700000|  0%| F|  |TAMS 0x0000000709600000, 0x0000000709600000| Untracked 
| 131|0x0000000709700000, 0x0000000709700000, 0x0000000709800000|  0%| F|  |TAMS 0x0000000709700000, 0x0000000709700000| Untracked 
| 132|0x0000000709800000, 0x0000000709800000, 0x0000000709900000|  0%| F|  |TAMS 0x0000000709800000, 0x0000000709800000| Untracked 
| 133|0x0000000709900000, 0x0000000709900000, 0x0000000709a00000|  0%| F|  |TAMS 0x0000000709900000, 0x0000000709900000| Untracked 
| 134|0x0000000709a00000, 0x0000000709a00000, 0x0000000709b00000|  0%| F|  |TAMS 0x0000000709a00000, 0x0000000709a00000| Untracked 
| 135|0x0000000709b00000, 0x0000000709b00000, 0x0000000709c00000|  0%| F|  |TAMS 0x0000000709b00000, 0x0000000709b00000| Untracked 
| 136|0x0000000709c00000, 0x0000000709c00000, 0x0000000709d00000|  0%| F|  |TAMS 0x0000000709c00000, 0x0000000709c00000| Untracked 
| 137|0x0000000709d00000, 0x0000000709d00000, 0x0000000709e00000|  0%| F|  |TAMS 0x0000000709d00000, 0x0000000709d00000| Untracked 
| 138|0x0000000709e00000, 0x0000000709e00000, 0x0000000709f00000|  0%| F|  |TAMS 0x0000000709e00000, 0x0000000709e00000| Untracked 
| 139|0x0000000709f00000, 0x0000000709f00000, 0x000000070a000000|  0%| F|  |TAMS 0x0000000709f00000, 0x0000000709f00000| Untracked 
| 140|0x000000070a000000, 0x000000070a000000, 0x000000070a100000|  0%| F|  |TAMS 0x000000070a000000, 0x000000070a000000| Untracked 
| 141|0x000000070a100000, 0x000000070a100000, 0x000000070a200000|  0%| F|  |TAMS 0x000000070a100000, 0x000000070a100000| Untracked 
| 142|0x000000070a200000, 0x000000070a200000, 0x000000070a300000|  0%| F|  |TAMS 0x000000070a200000, 0x000000070a200000| Untracked 
| 143|0x000000070a300000, 0x000000070a300000, 0x000000070a400000|  0%| F|  |TAMS 0x000000070a300000, 0x000000070a300000| Untracked 
| 144|0x000000070a400000, 0x000000070a400000, 0x000000070a500000|  0%| F|  |TAMS 0x000000070a400000, 0x000000070a400000| Untracked 
| 145|0x000000070a500000, 0x000000070a500000, 0x000000070a600000|  0%| F|  |TAMS 0x000000070a500000, 0x000000070a500000| Untracked 
| 146|0x000000070a600000, 0x000000070a600000, 0x000000070a700000|  0%| F|  |TAMS 0x000000070a600000, 0x000000070a600000| Untracked 
| 147|0x000000070a700000, 0x000000070a700000, 0x000000070a800000|  0%| F|  |TAMS 0x000000070a700000, 0x000000070a700000| Untracked 
| 148|0x000000070a800000, 0x000000070a800000, 0x000000070a900000|  0%| F|  |TAMS 0x000000070a800000, 0x000000070a800000| Untracked 
| 149|0x000000070a900000, 0x000000070a900000, 0x000000070aa00000|  0%| F|  |TAMS 0x000000070a900000, 0x000000070a900000| Untracked 
| 150|0x000000070aa00000, 0x000000070aa00000, 0x000000070ab00000|  0%| F|  |TAMS 0x000000070aa00000, 0x000000070aa00000| Untracked 
| 151|0x000000070ab00000, 0x000000070ab00000, 0x000000070ac00000|  0%| F|  |TAMS 0x000000070ab00000, 0x000000070ab00000| Untracked 
| 152|0x000000070ac00000, 0x000000070ac00000, 0x000000070ad00000|  0%| F|  |TAMS 0x000000070ac00000, 0x000000070ac00000| Untracked 
| 153|0x000000070ad00000, 0x000000070ad00000, 0x000000070ae00000|  0%| F|  |TAMS 0x000000070ad00000, 0x000000070ad00000| Untracked 
| 154|0x000000070ae00000, 0x000000070ae00000, 0x000000070af00000|  0%| F|  |TAMS 0x000000070ae00000, 0x000000070ae00000| Untracked 
| 155|0x000000070af00000, 0x000000070af00000, 0x000000070b000000|  0%| F|  |TAMS 0x000000070af00000, 0x000000070af00000| Untracked 
| 156|0x000000070b000000, 0x000000070b000000, 0x000000070b100000|  0%| F|  |TAMS 0x000000070b000000, 0x000000070b000000| Untracked 
| 157|0x000000070b100000, 0x000000070b100000, 0x000000070b200000|  0%| F|  |TAMS 0x000000070b100000, 0x000000070b100000| Untracked 
| 158|0x000000070b200000, 0x000000070b200000, 0x000000070b300000|  0%| F|  |TAMS 0x000000070b200000, 0x000000070b200000| Untracked 
| 159|0x000000070b300000, 0x000000070b300000, 0x000000070b400000|  0%| F|  |TAMS 0x000000070b300000, 0x000000070b300000| Untracked 
| 160|0x000000070b400000, 0x000000070b400000, 0x000000070b500000|  0%| F|  |TAMS 0x000000070b400000, 0x000000070b400000| Untracked 
| 161|0x000000070b500000, 0x000000070b500000, 0x000000070b600000|  0%| F|  |TAMS 0x000000070b500000, 0x000000070b500000| Untracked 
| 162|0x000000070b600000, 0x000000070b600000, 0x000000070b700000|  0%| F|  |TAMS 0x000000070b600000, 0x000000070b600000| Untracked 
| 163|0x000000070b700000, 0x000000070b700000, 0x000000070b800000|  0%| F|  |TAMS 0x000000070b700000, 0x000000070b700000| Untracked 
| 164|0x000000070b800000, 0x000000070b800000, 0x000000070b900000|  0%| F|  |TAMS 0x000000070b800000, 0x000000070b800000| Untracked 
| 165|0x000000070b900000, 0x000000070b900000, 0x000000070ba00000|  0%| F|  |TAMS 0x000000070b900000, 0x000000070b900000| Untracked 
| 166|0x000000070ba00000, 0x000000070ba00000, 0x000000070bb00000|  0%| F|  |TAMS 0x000000070ba00000, 0x000000070ba00000| Untracked 
| 167|0x000000070bb00000, 0x000000070bb00000, 0x000000070bc00000|  0%| F|  |TAMS 0x000000070bb00000, 0x000000070bb00000| Untracked 
| 168|0x000000070bc00000, 0x000000070bc00000, 0x000000070bd00000|  0%| F|  |TAMS 0x000000070bc00000, 0x000000070bc00000| Untracked 
| 169|0x000000070bd00000, 0x000000070bd00000, 0x000000070be00000|  0%| F|  |TAMS 0x000000070bd00000, 0x000000070bd00000| Untracked 
| 170|0x000000070be00000, 0x000000070be00000, 0x000000070bf00000|  0%| F|  |TAMS 0x000000070be00000, 0x000000070be00000| Untracked 
| 171|0x000000070bf00000, 0x000000070bf00000, 0x000000070c000000|  0%| F|  |TAMS 0x000000070bf00000, 0x000000070bf00000| Untracked 
| 172|0x000000070c000000, 0x000000070c000000, 0x000000070c100000|  0%| F|  |TAMS 0x000000070c000000, 0x000000070c000000| Untracked 
| 173|0x000000070c100000, 0x000000070c100000, 0x000000070c200000|  0%| F|  |TAMS 0x000000070c100000, 0x000000070c100000| Untracked 
| 174|0x000000070c200000, 0x000000070c200000, 0x000000070c300000|  0%| F|  |TAMS 0x000000070c200000, 0x000000070c200000| Untracked 
| 175|0x000000070c300000, 0x000000070c300000, 0x000000070c400000|  0%| F|  |TAMS 0x000000070c300000, 0x000000070c300000| Untracked 
| 176|0x000000070c400000, 0x000000070c400000, 0x000000070c500000|  0%| F|  |TAMS 0x000000070c400000, 0x000000070c400000| Untracked 
| 177|0x000000070c500000, 0x000000070c500000, 0x000000070c600000|  0%| F|  |TAMS 0x000000070c500000, 0x000000070c500000| Untracked 
| 178|0x000000070c600000, 0x000000070c600000, 0x000000070c700000|  0%| F|  |TAMS 0x000000070c600000, 0x000000070c600000| Untracked 
| 179|0x000000070c700000, 0x000000070c700000, 0x000000070c800000|  0%| F|  |TAMS 0x000000070c700000, 0x000000070c700000| Untracked 
| 180|0x000000070c800000, 0x000000070c800000, 0x000000070c900000|  0%| F|  |TAMS 0x000000070c800000, 0x000000070c800000| Untracked 
| 181|0x000000070c900000, 0x000000070c900000, 0x000000070ca00000|  0%| F|  |TAMS 0x000000070c900000, 0x000000070c900000| Untracked 
| 182|0x000000070ca00000, 0x000000070ca00000, 0x000000070cb00000|  0%| F|  |TAMS 0x000000070ca00000, 0x000000070ca00000| Untracked 
| 183|0x000000070cb00000, 0x000000070cb00000, 0x000000070cc00000|  0%| F|  |TAMS 0x000000070cb00000, 0x000000070cb00000| Untracked 
| 184|0x000000070cc00000, 0x000000070cc00000, 0x000000070cd00000|  0%| F|  |TAMS 0x000000070cc00000, 0x000000070cc00000| Untracked 
| 185|0x000000070cd00000, 0x000000070cd00000, 0x000000070ce00000|  0%| F|  |TAMS 0x000000070cd00000, 0x000000070cd00000| Untracked 
| 186|0x000000070ce00000, 0x000000070ce00000, 0x000000070cf00000|  0%| F|  |TAMS 0x000000070ce00000, 0x000000070ce00000| Untracked 
| 187|0x000000070cf00000, 0x000000070cf00000, 0x000000070d000000|  0%| F|  |TAMS 0x000000070cf00000, 0x000000070cf00000| Untracked 
| 188|0x000000070d000000, 0x000000070d000000, 0x000000070d100000|  0%| F|  |TAMS 0x000000070d000000, 0x000000070d000000| Untracked 
| 189|0x000000070d100000, 0x000000070d100000, 0x000000070d200000|  0%| F|  |TAMS 0x000000070d100000, 0x000000070d100000| Untracked 
| 190|0x000000070d200000, 0x000000070d200000, 0x000000070d300000|  0%| F|  |TAMS 0x000000070d200000, 0x000000070d200000| Untracked 
| 191|0x000000070d300000, 0x000000070d300000, 0x000000070d400000|  0%| F|  |TAMS 0x000000070d300000, 0x000000070d300000| Untracked 
| 192|0x000000070d400000, 0x000000070d400000, 0x000000070d500000|  0%| F|  |TAMS 0x000000070d400000, 0x000000070d400000| Untracked 
| 193|0x000000070d500000, 0x000000070d500000, 0x000000070d600000|  0%| F|  |TAMS 0x000000070d500000, 0x000000070d500000| Untracked 
| 194|0x000000070d600000, 0x000000070d600000, 0x000000070d700000|  0%| F|  |TAMS 0x000000070d600000, 0x000000070d600000| Untracked 
| 195|0x000000070d700000, 0x000000070d700000, 0x000000070d800000|  0%| F|  |TAMS 0x000000070d700000, 0x000000070d700000| Untracked 
| 196|0x000000070d800000, 0x000000070d800000, 0x000000070d900000|  0%| F|  |TAMS 0x000000070d800000, 0x000000070d800000| Untracked 
| 197|0x000000070d900000, 0x000000070d900000, 0x000000070da00000|  0%| F|  |TAMS 0x000000070d900000, 0x000000070d900000| Untracked 
| 198|0x000000070da00000, 0x000000070da00000, 0x000000070db00000|  0%| F|  |TAMS 0x000000070da00000, 0x000000070da00000| Untracked 
| 199|0x000000070db00000, 0x000000070db00000, 0x000000070dc00000|  0%| F|  |TAMS 0x000000070db00000, 0x000000070db00000| Untracked 
| 200|0x000000070dc00000, 0x000000070dc00000, 0x000000070dd00000|  0%| F|  |TAMS 0x000000070dc00000, 0x000000070dc00000| Untracked 
| 201|0x000000070dd00000, 0x000000070dd00000, 0x000000070de00000|  0%| F|  |TAMS 0x000000070dd00000, 0x000000070dd00000| Untracked 
| 202|0x000000070de00000, 0x000000070de00000, 0x000000070df00000|  0%| F|  |TAMS 0x000000070de00000, 0x000000070de00000| Untracked 
| 203|0x000000070df00000, 0x000000070df00000, 0x000000070e000000|  0%| F|  |TAMS 0x000000070df00000, 0x000000070df00000| Untracked 
| 204|0x000000070e000000, 0x000000070e000000, 0x000000070e100000|  0%| F|  |TAMS 0x000000070e000000, 0x000000070e000000| Untracked 
| 205|0x000000070e100000, 0x000000070e100000, 0x000000070e200000|  0%| F|  |TAMS 0x000000070e100000, 0x000000070e100000| Untracked 
| 206|0x000000070e200000, 0x000000070e200000, 0x000000070e300000|  0%| F|  |TAMS 0x000000070e200000, 0x000000070e200000| Untracked 
| 207|0x000000070e300000, 0x000000070e300000, 0x000000070e400000|  0%| F|  |TAMS 0x000000070e300000, 0x000000070e300000| Untracked 
| 208|0x000000070e400000, 0x000000070e400000, 0x000000070e500000|  0%| F|  |TAMS 0x000000070e400000, 0x000000070e400000| Untracked 
| 209|0x000000070e500000, 0x000000070e500000, 0x000000070e600000|  0%| F|  |TAMS 0x000000070e500000, 0x000000070e500000| Untracked 
| 210|0x000000070e600000, 0x000000070e600000, 0x000000070e700000|  0%| F|  |TAMS 0x000000070e600000, 0x000000070e600000| Untracked 
| 211|0x000000070e700000, 0x000000070e700000, 0x000000070e800000|  0%| F|  |TAMS 0x000000070e700000, 0x000000070e700000| Untracked 
| 212|0x000000070e800000, 0x000000070e800000, 0x000000070e900000|  0%| F|  |TAMS 0x000000070e800000, 0x000000070e800000| Untracked 
| 213|0x000000070e900000, 0x000000070e900000, 0x000000070ea00000|  0%| F|  |TAMS 0x000000070e900000, 0x000000070e900000| Untracked 
| 214|0x000000070ea00000, 0x000000070ea00000, 0x000000070eb00000|  0%| F|  |TAMS 0x000000070ea00000, 0x000000070ea00000| Untracked 
| 215|0x000000070eb00000, 0x000000070eb00000, 0x000000070ec00000|  0%| F|  |TAMS 0x000000070eb00000, 0x000000070eb00000| Untracked 
| 216|0x000000070ec00000, 0x000000070ec00000, 0x000000070ed00000|  0%| F|  |TAMS 0x000000070ec00000, 0x000000070ec00000| Untracked 
| 217|0x000000070ed00000, 0x000000070ed00000, 0x000000070ee00000|  0%| F|  |TAMS 0x000000070ed00000, 0x000000070ed00000| Untracked 
| 218|0x000000070ee00000, 0x000000070ee00000, 0x000000070ef00000|  0%| F|  |TAMS 0x000000070ee00000, 0x000000070ee00000| Untracked 
| 219|0x000000070ef00000, 0x000000070ef00000, 0x000000070f000000|  0%| F|  |TAMS 0x000000070ef00000, 0x000000070ef00000| Untracked 
| 220|0x000000070f000000, 0x000000070f000000, 0x000000070f100000|  0%| F|  |TAMS 0x000000070f000000, 0x000000070f000000| Untracked 
| 221|0x000000070f100000, 0x000000070f100000, 0x000000070f200000|  0%| F|  |TAMS 0x000000070f100000, 0x000000070f100000| Untracked 
| 222|0x000000070f200000, 0x000000070f200000, 0x000000070f300000|  0%| F|  |TAMS 0x000000070f200000, 0x000000070f200000| Untracked 
| 223|0x000000070f300000, 0x000000070f300000, 0x000000070f400000|  0%| F|  |TAMS 0x000000070f300000, 0x000000070f300000| Untracked 
| 224|0x000000070f400000, 0x000000070f400000, 0x000000070f500000|  0%| F|  |TAMS 0x000000070f400000, 0x000000070f400000| Untracked 
| 225|0x000000070f500000, 0x000000070f500000, 0x000000070f600000|  0%| F|  |TAMS 0x000000070f500000, 0x000000070f500000| Untracked 
| 226|0x000000070f600000, 0x000000070f600000, 0x000000070f700000|  0%| F|  |TAMS 0x000000070f600000, 0x000000070f600000| Untracked 
| 227|0x000000070f700000, 0x000000070f700000, 0x000000070f800000|  0%| F|  |TAMS 0x000000070f700000, 0x000000070f700000| Untracked 
| 228|0x000000070f800000, 0x000000070f800000, 0x000000070f900000|  0%| F|  |TAMS 0x000000070f800000, 0x000000070f800000| Untracked 
| 229|0x000000070f900000, 0x000000070f900000, 0x000000070fa00000|  0%| F|  |TAMS 0x000000070f900000, 0x000000070f900000| Untracked 
| 230|0x000000070fa00000, 0x000000070fa00000, 0x000000070fb00000|  0%| F|  |TAMS 0x000000070fa00000, 0x000000070fa00000| Untracked 
| 231|0x000000070fb00000, 0x000000070fb00000, 0x000000070fc00000|  0%| F|  |TAMS 0x000000070fb00000, 0x000000070fb00000| Untracked 
| 232|0x000000070fc00000, 0x000000070fc00000, 0x000000070fd00000|  0%| F|  |TAMS 0x000000070fc00000, 0x000000070fc00000| Untracked 
| 233|0x000000070fd00000, 0x000000070fd00000, 0x000000070fe00000|  0%| F|  |TAMS 0x000000070fd00000, 0x000000070fd00000| Untracked 
| 234|0x000000070fe00000, 0x000000070fe00000, 0x000000070ff00000|  0%| F|  |TAMS 0x000000070fe00000, 0x000000070fe00000| Untracked 
| 235|0x000000070ff00000, 0x000000070ff00000, 0x0000000710000000|  0%| F|  |TAMS 0x000000070ff00000, 0x000000070ff00000| Untracked 
| 236|0x0000000710000000, 0x0000000710000000, 0x0000000710100000|  0%| F|  |TAMS 0x0000000710000000, 0x0000000710000000| Untracked 
| 237|0x0000000710100000, 0x0000000710100000, 0x0000000710200000|  0%| F|  |TAMS 0x0000000710100000, 0x0000000710100000| Untracked 
| 238|0x0000000710200000, 0x0000000710200000, 0x0000000710300000|  0%| F|  |TAMS 0x0000000710200000, 0x0000000710200000| Untracked 
| 239|0x0000000710300000, 0x0000000710300000, 0x0000000710400000|  0%| F|  |TAMS 0x0000000710300000, 0x0000000710300000| Untracked 
| 240|0x0000000710400000, 0x0000000710400000, 0x0000000710500000|  0%| F|  |TAMS 0x0000000710400000, 0x0000000710400000| Untracked 
| 241|0x0000000710500000, 0x0000000710500000, 0x0000000710600000|  0%| F|  |TAMS 0x0000000710500000, 0x0000000710500000| Untracked 
| 242|0x0000000710600000, 0x00000007106922b8, 0x0000000710700000| 57%| E|  |TAMS 0x0000000710600000, 0x0000000710600000| Complete 
| 243|0x0000000710700000, 0x0000000710800000, 0x0000000710800000|100%| E|CS|TAMS 0x0000000710700000, 0x0000000710700000| Complete 
| 244|0x0000000710800000, 0x0000000710900000, 0x0000000710900000|100%| E|CS|TAMS 0x0000000710800000, 0x0000000710800000| Complete 
| 245|0x0000000710900000, 0x0000000710a00000, 0x0000000710a00000|100%| E|CS|TAMS 0x0000000710900000, 0x0000000710900000| Complete 
| 246|0x0000000710a00000, 0x0000000710b00000, 0x0000000710b00000|100%| E|CS|TAMS 0x0000000710a00000, 0x0000000710a00000| Complete 
| 247|0x0000000710b00000, 0x0000000710c00000, 0x0000000710c00000|100%| E|CS|TAMS 0x0000000710b00000, 0x0000000710b00000| Complete 
| 248|0x0000000710c00000, 0x0000000710d00000, 0x0000000710d00000|100%| E|CS|TAMS 0x0000000710c00000, 0x0000000710c00000| Complete 
| 249|0x0000000710d00000, 0x0000000710e00000, 0x0000000710e00000|100%| E|CS|TAMS 0x0000000710d00000, 0x0000000710d00000| Complete 
| 250|0x0000000710e00000, 0x0000000710f00000, 0x0000000710f00000|100%| E|CS|TAMS 0x0000000710e00000, 0x0000000710e00000| Complete 
| 251|0x0000000710f00000, 0x0000000711000000, 0x0000000711000000|100%| E|CS|TAMS 0x0000000710f00000, 0x0000000710f00000| Complete 
| 252|0x0000000711000000, 0x0000000711100000, 0x0000000711100000|100%| E|CS|TAMS 0x0000000711000000, 0x0000000711000000| Complete 
| 253|0x0000000711100000, 0x0000000711200000, 0x0000000711200000|100%| E|  |TAMS 0x0000000711100000, 0x0000000711100000| Complete 
| 254|0x0000000711200000, 0x0000000711300000, 0x0000000711300000|100%| E|CS|TAMS 0x0000000711200000, 0x0000000711200000| Complete 
| 255|0x0000000711300000, 0x0000000711400000, 0x0000000711400000|100%| E|CS|TAMS 0x0000000711300000, 0x0000000711300000| Complete 

Card table byte_map: [0x00000218a4100000,0x00000218a4900000] _byte_map_base: 0x00000218a08f6000

Marking Bits (Prev, Next): (CMBitMap*) 0x000002188b9761a8, (CMBitMap*) 0x000002188b9761e0
 Prev Bits: [0x00000218a5100000, 0x00000218a90b0000)
 Next Bits: [0x00000218a90b0000, 0x00000218ad060000)

Polling page: 0x000002188b0f0000

Metaspace:

Usage:
  Non-class:     11.11 MB capacity,    10.98 MB ( 99%) used,   114.39 KB (  1%) free+waste,    13.38 KB ( <1%) overhead. 
      Class:    879.00 KB capacity,   810.86 KB ( 92%) used,    62.89 KB (  7%) free+waste,     5.25 KB ( <1%) overhead. 
       Both:     11.97 MB capacity,    11.77 MB ( 98%) used,   177.28 KB (  1%) free+waste,    18.63 KB ( <1%) overhead. 

Virtual space:
  Non-class space:       12.00 MB reserved,      11.25 MB ( 94%) committed 
      Class space:        1.00 GB reserved,     896.00 KB ( <1%) committed 
             Both:        1.01 GB reserved,      12.13 MB (  1%) committed 

Chunk freelists:
   Non-Class:  82.00 KB
       Class:  17.00 KB
        Both:  99.00 KB

MaxMetaspaceSize: 17179869184.00 GB
CompressedClassSpaceSize: 1.00 GB
Initial GC threshold: 20.80 MB
Current GC threshold: 20.80 MB
CDS: off

CodeHeap 'non-profiled nmethods': size=119168Kb used=191Kb max_used=191Kb free=118977Kb
 bounds [0x000002189bc10000, 0x000002189be80000, 0x00000218a3070000]
CodeHeap 'profiled nmethods': size=119168Kb used=1111Kb max_used=1111Kb free=118056Kb
 bounds [0x00000218947b0000, 0x0000021894a20000, 0x000002189bc10000]
CodeHeap 'non-nmethods': size=7424Kb used=2166Kb max_used=2166Kb free=5257Kb
 bounds [0x0000021894070000, 0x00000218942e0000, 0x00000218947b0000]
 total_blobs=1670 nmethods=664 adapters=918
 compilation: enabled
              stopped_count=0, restarted_count=0
 full_count=0

Compilation events (20 events):
Event: 0.727 Thread 0x00000218b0ac5000 nmethod 653 0x00000218948bfd90 code [0x00000218948bff60, 0x00000218948c0168]
Event: 0.727 Thread 0x00000218b0ce2000 nmethod 655 0x000002189bc3f610 code [0x000002189bc3f7c0, 0x000002189bc3f878]
Event: 0.727 Thread 0x00000218b0ac5000  656       1       java.util.zip.ZipEntry::getCrc (5 bytes)
Event: 0.727 Thread 0x00000218b0ac5000 nmethod 656 0x000002189bc3f910 code [0x000002189bc3fac0, 0x000002189bc3fb78]
Event: 0.730 Thread 0x00000218b0ce2000  657       3       java.io.File::isInvalid (47 bytes)
Event: 0.730 Thread 0x00000218b0ce2000 nmethod 657 0x00000218948c0290 code [0x00000218948c0460, 0x00000218948c0728]
Event: 0.735 Thread 0x00000218b0ac5000  658       3       java.io.WinNTFileSystem::prefixLength (91 bytes)
Event: 0.735 Thread 0x00000218b0ce2000  659       3       java.util.zip.ZipFile$ZipFileInflaterInputStream::fill (80 bytes)
Event: 0.735 Thread 0x00000218b0ce2000 nmethod 659 0x00000218948c0810 code [0x00000218948c0a00, 0x00000218948c0d88]
Event: 0.735 Thread 0x00000218b0ce2000  660   !   3       java.util.zip.ZipFile$ZipFileInputStream::read (135 bytes)
Event: 0.736 Thread 0x00000218b0ce2000 nmethod 660 0x00000218948c0f10 code [0x00000218948c1140, 0x00000218948c1898]
Event: 0.736 Thread 0x00000218b0ac5000 nmethod 658 0x00000218948c1c10 code [0x00000218948c1f20, 0x00000218948c3218]
Event: 0.736 Thread 0x00000218b0ce2000  661       3       java.util.zip.ZipFile::ensureOpenOrZipException (18 bytes)
Event: 0.736 Thread 0x00000218b0ac5000  662       3       java.util.zip.ZipFile$ZipFileInputStream::initDataOffset (109 bytes)
Event: 0.736 Thread 0x00000218b0ce2000 nmethod 661 0x00000218948c3890 code [0x00000218948c3a60, 0x00000218948c3c28]
Event: 0.736 Thread 0x00000218b0ce2000  663   !   3       java.util.zip.ZipFile$Source::readAt (39 bytes)
Event: 0.736 Thread 0x00000218b0ac5000 nmethod 662 0x00000218948c3d10 code [0x00000218948c3f40, 0x00000218948c46e8]
Event: 0.736 Thread 0x00000218b0ce2000 nmethod 663 0x00000218948c4a10 code [0x00000218948c4c20, 0x00000218948c51a8]
Event: 0.736 Thread 0x00000218b0ac5000  664   !   3       java.util.zip.Inflater::setInput (69 bytes)
Event: 0.736 Thread 0x00000218b0ac5000 nmethod 664 0x00000218948c5510 code [0x00000218948c56e0, 0x00000218948c5b88]

GC Heap History (0 events):
No events

Deoptimization events (16 events):
Event: 0.066 Thread 0x000002188b90d800 Uncommon trap: trap_request=0xffffff4d fr.pc=0x000002189bc1499c relative=0x000000000000017c
Event: 0.066 Thread 0x000002188b90d800 Uncommon trap: reason=unstable_if action=reinterpret pc=0x000002189bc1499c method=java.lang.String.hashCode()I @ 14 c2
Event: 0.066 Thread 0x000002188b90d800 DEOPT PACKING pc=0x000002189bc1499c sp=0x00000055076fd680
Event: 0.066 Thread 0x000002188b90d800 DEOPT UNPACKING pc=0x00000218940ba1af sp=0x00000055076fd618 mode 2
Event: 0.124 Thread 0x000002188b90d800 DEOPT PACKING pc=0x00000218947ec368 sp=0x00000055076fb260
Event: 0.124 Thread 0x000002188b90d800 DEOPT UNPACKING pc=0x00000218940ba95e sp=0x00000055076fa6b8 mode 0
Event: 0.162 Thread 0x000002188b90d800 DEOPT PACKING pc=0x00000218947ee442 sp=0x00000055076fd030
Event: 0.162 Thread 0x000002188b90d800 DEOPT UNPACKING pc=0x00000218940ba95e sp=0x00000055076fc498 mode 0
Event: 0.166 Thread 0x000002188b90d800 DEOPT PACKING pc=0x00000218947ddad0 sp=0x00000055076fc180
Event: 0.166 Thread 0x000002188b90d800 DEOPT UNPACKING pc=0x00000218940ba95e sp=0x00000055076fb608 mode 0
Event: 0.168 Thread 0x000002188b90d800 DEOPT PACKING pc=0x00000218947ddad0 sp=0x00000055076fb8f0
Event: 0.168 Thread 0x000002188b90d800 DEOPT UNPACKING pc=0x00000218940ba95e sp=0x00000055076fad78 mode 0
Event: 0.569 Thread 0x000002188b90d800 Uncommon trap: trap_request=0xffffff5c fr.pc=0x000002189bc37180 relative=0x0000000000000060
Event: 0.569 Thread 0x000002188b90d800 Uncommon trap: reason=speculate_null_assert action=make_not_entrant pc=0x000002189bc37180 method=sun.misc.Unsafe.putLong(Ljava/lang/Object;JJ)V @ 7 c2
Event: 0.569 Thread 0x000002188b90d800 DEOPT PACKING pc=0x000002189bc37180 sp=0x00000055076fee90
Event: 0.569 Thread 0x000002188b90d800 DEOPT UNPACKING pc=0x00000218940ba1af sp=0x00000055076fee08 mode 2

Classes redefined (0 events):
No events

Internal exceptions (20 events):
Event: 0.156 Thread 0x000002188b90d800 Exception <a 'java/security/PrivilegedActionException'{0x0000000710f397c8}> (0x0000000710f397c8) thrown at [./src/hotspot/share/prims/jvm.cpp, line 1306]
Event: 0.156 Thread 0x000002188b90d800 Exception <a 'java/security/PrivilegedActionException'{0x0000000710f39a98}> (0x0000000710f39a98) thrown at [./src/hotspot/share/prims/jvm.cpp, line 1306]
Event: 0.157 Thread 0x000002188b90d800 Exception <a 'java/lang/NoSuchMethodError'{0x0000000710f47b98}: 'int java.lang.invoke.DirectMethodHandle$Holder.invokeStaticInit(java.lang.Object, java.lang.Object, int, long)'> (0x0000000710f47b98) thrown at [./src/hotspot/share/interpreter/linkResolver.cpp, line 773]
Event: 0.157 Thread 0x000002188b90d800 Exception <a 'java/lang/NoSuchMethodError'{0x0000000710f4cd40}: 'java.lang.Object java.lang.invoke.Invokers$Holder.linkToTargetMethod(java.lang.Object, int, java.lang.Object)'> (0x0000000710f4cd40) thrown at [./src/hotspot/share/interpreter/linkResolver.cpp, line 773]
Event: 0.159 Thread 0x000002188b90d800 Exception <a 'java/lang/NoSuchMethodError'{0x0000000710f5c7a8}: 'int java.lang.invoke.DirectMethodHandle$Holder.invokeStaticInit(java.lang.Object, java.lang.Object, long, long)'> (0x0000000710f5c7a8) thrown at [./src/hotspot/share/interpreter/linkResolver.cpp, line 773]
Event: 0.159 Thread 0x000002188b90d800 Exception <a 'java/lang/NoSuchMethodError'{0x0000000710f67f48}: 'java.lang.Object java.lang.invoke.Invokers$Holder.linkToTargetMethod(java.lang.Object, long, java.lang.Object)'> (0x0000000710f67f48) thrown at [./src/hotspot/share/interpreter/linkResolver.cpp, line 773]
Event: 0.160 Thread 0x000002188b90d800 Exception <a 'java/lang/NoSuchMethodError'{0x0000000710f6e280}: 'int java.lang.invoke.DirectMethodHandle$Holder.invokeStaticInit(java.lang.Object, java.lang.Object, java.lang.Object, long)'> (0x0000000710f6e280) thrown at [./src/hotspot/share/interpreter/linkResolver.cpp, line 773]
Event: 0.162 Thread 0x000002188b90d800 Exception <a 'java/security/PrivilegedActionException'{0x0000000710f81cd8}> (0x0000000710f81cd8) thrown at [./src/hotspot/share/prims/jvm.cpp, line 1306]
Event: 0.162 Thread 0x000002188b90d800 Exception <a 'java/security/PrivilegedActionException'{0x0000000710f81fa8}> (0x0000000710f81fa8) thrown at [./src/hotspot/share/prims/jvm.cpp, line 1306]
Event: 0.163 Thread 0x000002188b90d800 Exception <a 'java/security/PrivilegedActionException'{0x0000000710f83de8}> (0x0000000710f83de8) thrown at [./src/hotspot/share/prims/jvm.cpp, line 1306]
Event: 0.163 Thread 0x000002188b90d800 Exception <a 'java/security/PrivilegedActionException'{0x0000000710f840b8}> (0x0000000710f840b8) thrown at [./src/hotspot/share/prims/jvm.cpp, line 1306]
Event: 0.163 Thread 0x000002188b90d800 Exception <a 'java/security/PrivilegedActionException'{0x0000000710f85ea8}> (0x0000000710f85ea8) thrown at [./src/hotspot/share/prims/jvm.cpp, line 1306]
Event: 0.163 Thread 0x000002188b90d800 Exception <a 'java/security/PrivilegedActionException'{0x0000000710f86178}> (0x0000000710f86178) thrown at [./src/hotspot/share/prims/jvm.cpp, line 1306]
Event: 0.177 Thread 0x000002188b90d800 Exception <a 'sun/nio/fs/WindowsException'{0x0000000710e60400}> (0x0000000710e60400) thrown at [./src/hotspot/share/prims/jni.cpp, line 617]
Event: 0.177 Thread 0x000002188b90d800 Exception <a 'sun/nio/fs/WindowsException'{0x0000000710e60760}> (0x0000000710e60760) thrown at [./src/hotspot/share/prims/jni.cpp, line 617]
Event: 0.560 Thread 0x000002188b90d800 Exception <a 'sun/nio/fs/WindowsException'{0x0000000710d099e8}> (0x0000000710d099e8) thrown at [./src/hotspot/share/prims/jni.cpp, line 617]
Event: 0.560 Thread 0x000002188b90d800 Exception <a 'sun/nio/fs/WindowsException'{0x0000000710d09d88}> (0x0000000710d09d88) thrown at [./src/hotspot/share/prims/jni.cpp, line 617]
Event: 0.563 Thread 0x000002188b90d800 Exception <a 'sun/nio/fs/WindowsException'{0x0000000710d1af30}> (0x0000000710d1af30) thrown at [./src/hotspot/share/prims/jni.cpp, line 617]
Event: 0.563 Thread 0x000002188b90d800 Exception <a 'sun/nio/fs/WindowsException'{0x0000000710d1b200}> (0x0000000710d1b200) thrown at [./src/hotspot/share/prims/jni.cpp, line 617]
Event: 0.620 Thread 0x000002188b90d800 Exception <a 'java/lang/NoSuchMethodError'{0x0000000710cd7030}: 'void java.lang.invoke.DirectMethodHandle$Holder.invokeStatic(java.lang.Object, long, int, int)'> (0x0000000710cd7030) thrown at [./src/hotspot/share/interpreter/linkResolver.cpp, line 773]

Events (20 events):
Event: 0.730 loading class org/joml/Vector4f
Event: 0.730 loading class org/joml/Vector4f done
Event: 0.730 loading class org/joml/Vector4fc
Event: 0.730 loading class org/joml/Vector4fc done
Event: 0.732 loading class org/joml/Vector4i
Event: 0.732 loading class org/joml/Vector4i done
Event: 0.732 loading class org/joml/Vector4ic
Event: 0.732 loading class org/joml/Vector4ic done
Event: 0.734 loading class org/joml/Vector3i
Event: 0.734 loading class org/joml/Vector3i done
Event: 0.734 loading class org/joml/Vector3ic
Event: 0.734 loading class org/joml/Vector3ic done
Event: 0.735 loading class org/joml/Vector2i
Event: 0.735 loading class org/joml/Vector2i done
Event: 0.735 loading class org/joml/Vector2ic
Event: 0.735 loading class org/joml/Vector2ic done
Event: 0.736 loading class org/joml/Quaternionf
Event: 0.736 loading class org/joml/Quaternionf done
Event: 0.737 loading class org/joml/Quaternionfc
Event: 0.737 loading class org/joml/Quaternionfc done


Dynamic libraries:
0x00007ff66b880000 - 0x00007ff66b88d000 	C:\Users\felom\.jdks\corretto-11.0.16\bin\java.exe
0x00007ff811940000 - 0x00007ff811b49000 	C:\Windows\SYSTEM32\ntdll.dll
0x00007ff8103b0000 - 0x00007ff81046d000 	C:\Windows\System32\KERNEL32.DLL
0x00007ff80f330000 - 0x00007ff80f6a9000 	C:\Windows\System32\KERNELBASE.dll
0x00007ff80f6b0000 - 0x00007ff80f7c1000 	C:\Windows\System32\ucrtbase.dll
0x00007ff8003b0000 - 0x00007ff8003c9000 	C:\Users\felom\.jdks\corretto-11.0.16\bin\VCRUNTIME140.dll
0x00007ff8007a0000 - 0x00007ff8007b7000 	C:\Users\felom\.jdks\corretto-11.0.16\bin\jli.dll
0x00007ff811750000 - 0x00007ff8118fc000 	C:\Windows\System32\USER32.dll
0x00007ffffa4b0000 - 0x00007ffffa755000 	C:\Windows\WinSxS\amd64_microsoft.windows.common-controls_6595b64144ccf1df_6.0.22000.120_none_9d947278b86cc467\COMCTL32.dll
0x00007ff80f280000 - 0x00007ff80f2a6000 	C:\Windows\System32\win32u.dll
0x00007ff80f9e0000 - 0x00007ff80fa83000 	C:\Windows\System32\msvcrt.dll
0x00007ff810030000 - 0x00007ff810059000 	C:\Windows\System32\GDI32.dll
0x00007ff80ef80000 - 0x00007ff80f092000 	C:\Windows\System32\gdi32full.dll
0x00007ff80ee20000 - 0x00007ff80eebd000 	C:\Windows\System32\msvcp_win.dll
0x00007ff80fa90000 - 0x00007ff80fac1000 	C:\Windows\System32\IMM32.DLL
0x00007fffe8ba0000 - 0x00007fffe8c3b000 	C:\Users\felom\.jdks\corretto-11.0.16\bin\msvcp140.dll
0x00007fffa7aa0000 - 0x00007fffa8624000 	C:\Users\felom\.jdks\corretto-11.0.16\bin\server\jvm.dll
0x00007ff810aa0000 - 0x00007ff810b4e000 	C:\Windows\System32\ADVAPI32.dll
0x00007ff811560000 - 0x00007ff8115fe000 	C:\Windows\System32\sechost.dll
0x00007ff811440000 - 0x00007ff811560000 	C:\Windows\System32\RPCRT4.dll
0x00007ff811380000 - 0x00007ff811388000 	C:\Windows\System32\PSAPI.DLL
0x00007ffff70b0000 - 0x00007ffff70b9000 	C:\Windows\SYSTEM32\WSOCK32.dll
0x00007ff807130000 - 0x00007ff807163000 	C:\Windows\SYSTEM32\WINMM.dll
0x00007ff808d60000 - 0x00007ff808d6a000 	C:\Windows\SYSTEM32\VERSION.dll
0x00007ff811310000 - 0x00007ff81137f000 	C:\Windows\System32\WS2_32.dll
0x00007ff80dfd0000 - 0x00007ff80dfe8000 	C:\Windows\SYSTEM32\kernel.appcore.dll
0x00007ff8025c0000 - 0x00007ff8025d0000 	C:\Users\felom\.jdks\corretto-11.0.16\bin\verify.dll
0x00007ff80c680000 - 0x00007ff80c8a1000 	C:\Windows\SYSTEM32\DBGHELP.DLL
0x00007ffffb170000 - 0x00007ffffb1a1000 	C:\Windows\SYSTEM32\dbgcore.DLL
0x00007ff80f2b0000 - 0x00007ff80f32f000 	C:\Windows\System32\bcryptPrimitives.dll
0x00007ff800380000 - 0x00007ff8003a8000 	C:\Users\felom\.jdks\corretto-11.0.16\bin\java.dll
0x00007ff800370000 - 0x00007ff80037a000 	C:\Users\felom\.jdks\corretto-11.0.16\bin\jimage.dll
0x00007ff800150000 - 0x00007ff800168000 	C:\Users\felom\.jdks\corretto-11.0.16\bin\zip.dll
0x00007ff810b50000 - 0x00007ff811308000 	C:\Windows\System32\SHELL32.dll
0x00007ff80cf60000 - 0x00007ff80d7c7000 	C:\Windows\SYSTEM32\windows.storage.dll
0x00007ff810490000 - 0x00007ff810809000 	C:\Windows\System32\combase.dll
0x00007ff80cdf0000 - 0x00007ff80cf56000 	C:\Windows\SYSTEM32\wintypes.dll
0x00007ff80f8f0000 - 0x00007ff80f9da000 	C:\Windows\System32\SHCORE.dll
0x00007ff810060000 - 0x00007ff8100bd000 	C:\Windows\System32\shlwapi.dll
0x00007ff80ed50000 - 0x00007ff80ed71000 	C:\Windows\SYSTEM32\profapi.dll
0x00007ff800130000 - 0x00007ff800149000 	C:\Users\felom\.jdks\corretto-11.0.16\bin\net.dll
0x00007ff807d80000 - 0x00007ff807e8c000 	C:\Windows\SYSTEM32\WINHTTP.dll
0x00007ff80e3f0000 - 0x00007ff80e457000 	C:\Windows\system32\mswsock.dll
0x00007ffff3280000 - 0x00007ffff3293000 	C:\Users\felom\.jdks\corretto-11.0.16\bin\nio.dll
0x00007fffade50000 - 0x00007fffadec5000 	C:\Users\felom\AppData\Local\Temp\lwjglsnek\3.3.1-build-7\lwjgl.dll
0x00007fffadde0000 - 0x00007fffade41000 	C:\Users\felom\AppData\Local\Temp\lwjglsnek\3.3.1-build-7\glfw.dll
0x00007fffe8b50000 - 0x00007fffe8b95000 	C:\Windows\SYSTEM32\dinput8.dll
0x00007fffc0c20000 - 0x00007fffc0c31000 	C:\Windows\SYSTEM32\xinput1_4.dll
0x00007ff80eaf0000 - 0x00007ff80eb3c000 	C:\Windows\SYSTEM32\cfgmgr32.dll
0x00007ff80eb40000 - 0x00007ff80eb6c000 	C:\Windows\SYSTEM32\DEVOBJ.dll
0x00007ff80c8d0000 - 0x00007ff80c8ff000 	C:\Windows\SYSTEM32\dwmapi.dll
0x00007fffe48d0000 - 0x00007fffe4a99000 	C:\Windows\SYSTEM32\inputhost.dll
0x00007ff80bd90000 - 0x00007ff80bec2000 	C:\Windows\SYSTEM32\CoreMessaging.dll
0x00007ff80c170000 - 0x00007ff80c21c000 	C:\Windows\system32\uxtheme.dll
0x00007ff80e5e0000 - 0x00007ff80e5ec000 	C:\Windows\SYSTEM32\CRYPTBASE.DLL
0x00007ff80f7d0000 - 0x00007ff80f8ee000 	C:\Windows\System32\MSCTF.dll
0x00007fffdda10000 - 0x00007fffddb11000 	C:\Windows\SYSTEM32\opengl32.dll
0x00007fffeb930000 - 0x00007fffeb95d000 	C:\Windows\SYSTEM32\GLU32.dll
0x00007ff80c310000 - 0x00007ff80c348000 	C:\Windows\SYSTEM32\dxcore.dll
0x00007ff811390000 - 0x00007ff81143f000 	C:\Windows\System32\clbcatq.dll
0x00007fff89cc0000 - 0x00007fff8ce7a000 	C:\Windows\System32\DriverStore\FileRepository\nv_dispi.inf_amd64_70cfb45e19c20af4\nvoglv64.dll
0x00007ff80fbb0000 - 0x00007ff81001c000 	C:\Windows\System32\SETUPAPI.dll
0x00007ff810900000 - 0x00007ff810a9a000 	C:\Windows\System32\ole32.dll
0x00007ff811670000 - 0x00007ff811746000 	C:\Windows\System32\OLEAUT32.dll
0x00007ff809bb0000 - 0x00007ff809bc4000 	C:\Windows\SYSTEM32\WTSAPI32.dll
0x00007ff80e710000 - 0x00007ff80e722000 	C:\Windows\SYSTEM32\msasn1.dll
0x00007ff8057a0000 - 0x00007ff8057d1000 	C:\Windows\SYSTEM32\cryptnet.dll
0x00007ff80f110000 - 0x00007ff80f272000 	C:\Windows\System32\CRYPT32.dll
0x00007ff805650000 - 0x00007ff805799000 	C:\Windows\SYSTEM32\drvstore.dll
0x00007ff80e670000 - 0x00007ff80e6b0000 	C:\Windows\SYSTEM32\wldp.dll
0x00007ff80f0a0000 - 0x00007ff80f107000 	C:\Windows\System32\WINTRUST.dll
0x00007ff80c540000 - 0x00007ff80c574000 	C:\Windows\SYSTEM32\ntmarta.dll
0x00007fffc7cb0000 - 0x00007fffc7f7e000 	C:\Windows\system32\nvspcap64.dll
0x00007ff80d7e0000 - 0x00007ff80d82d000 	C:\Windows\SYSTEM32\powrprof.dll
0x00007ff80d8d0000 - 0x00007ff80d8e3000 	C:\Windows\SYSTEM32\UMPDC.dll
0x00007ff80dad0000 - 0x00007ff80db33000 	C:\Windows\SYSTEM32\WINSTA.dll
0x00007ffff5070000 - 0x00007ffff519d000 	C:\Windows\SYSTEM32\textinputframework.dll
0x00007ff807220000 - 0x00007ff80758d000 	C:\Windows\SYSTEM32\CoreUIComponents.dll
0x00007ff808170000 - 0x00007ff8081d9000 	C:\Windows\system32\Oleacc.dll
0x00007fffadd20000 - 0x00007fffadd7d000 	C:\Users\felom\AppData\Local\Temp\lwjglsnek\3.3.1-build-7\lwjgl_opengl.dll

dbghelp: loaded successfully - version: 4.0.5 - missing functions: none
symbol engine: initialized successfully - sym options: 0x614 - pdb path: .;C:\Users\felom\.jdks\corretto-11.0.16\bin;C:\Windows\SYSTEM32;C:\Windows\WinSxS\amd64_microsoft.windows.common-controls_6595b64144ccf1df_6.0.22000.120_none_9d947278b86cc467;C:\Users\felom\.jdks\corretto-11.0.16\bin\server;C:\Users\felom\AppData\Local\Temp\lwjglsnek\3.3.1-build-7;C:\Windows\System32\DriverStore\FileRepository\nv_dispi.inf_amd64_70cfb45e19c20af4

VM Arguments:
jvm_args: -Dfile.encoding=windows-1252 -Duser.country=US -Duser.language=en -Duser.variant 
java_command: SimpleCylinder
java_class_path (initial): E:\AUA\CompGraph\CompGraphProj\build\classes\java\main;E:\AUA\CompGraph\CompGraphProj\build\resources\main;C:\Users\felom\.gradle\caches\modules-2\files-2.1\org.lwjgl\lwjgl-glfw\3.3.1\cbac1b8d30cb4795149c1ef540f912671a8616d0\lwjgl-glfw-3.3.1.jar;C:\Users\felom\.gradle\caches\modules-2\files-2.1\org.lwjgl\lwjgl-glfw\3.3.1\ed892f945cf7e79c8756796f32d00fa4ceaf573b\lwjgl-glfw-3.3.1-natives-windows.jar;C:\Users\felom\.gradle\caches\modules-2\files-2.1\org.lwjgl\lwjgl-opengl\3.3.1\831a5533a21a5f4f81bbc51bb13e9899319b5411\lwjgl-opengl-3.3.1.jar;C:\Users\felom\.gradle\caches\modules-2\files-2.1\org.lwjgl\lwjgl-opengl\3.3.1\c1807e9bd571402787d7e37e3029776ae2513bb8\lwjgl-opengl-3.3.1-natives-windows.jar;C:\Users\felom\.gradle\caches\modules-2\files-2.1\org.lwjgl\lwjgl-stb\3.3.1\b119297cf8ed01f247abe8685857f8e7fcf5980f\lwjgl-stb-3.3.1.jar;C:\Users\felom\.gradle\caches\modules-2\files-2.1\org.lwjgl\lwjgl-stb\3.3.1\86315914ac119efdb02dc9e8e978ade84f1702af\lwjgl-stb-3.3.1-natives-windows.jar;C:\Users\felom\.gradle\caches\modules-2\files-2.1\org.lwjgl\lwjgl\3.3.1\ae58664f88e18a9bb2c77b063833ca7aaec484cb\lwjgl-3.3.1.jar;C:\Users\felom\.gradle\caches\modules-2\files-2.1\org.lwjgl\lwjgl\3.3.1\36c37f16ab611b3aa11f3bcf80b1d509b4ce6b\lwjgl-3.3.1-natives-windows.jar;C:\Users\felom\.gradle\caches\modules-2\files-2.1\org.joml\joml\1.10.4\19cb0a0f0f8a938785ebd5b2a2268ea2e65dabae\joml-1.10.4.jar
Launcher Type: SUN_STANDARD

[Global flags]
     intx CICompilerCount                          = 12                                        {product} {ergonomic}
     uint ConcGCThreads                            = 3                                         {product} {ergonomic}
     uint G1ConcRefinementThreads                  = 13                                        {product} {ergonomic}
   size_t G1HeapRegionSize                         = 1048576                                   {product} {ergonomic}
    uintx GCDrainStackTargetSize                   = 64                                        {product} {ergonomic}
   size_t InitialHeapSize                          = 268435456                                 {product} {ergonomic}
   size_t MarkStackSize                            = 4194304                                   {product} {ergonomic}
   size_t MaxHeapSize                              = 4273995776                                {product} {ergonomic}
   size_t MaxNewSize                               = 2563768320                                {product} {ergonomic}
   size_t MinHeapDeltaBytes                        = 1048576                                   {product} {ergonomic}
    uintx NonNMethodCodeHeapSize                   = 7594288                                {pd product} {ergonomic}
    uintx NonProfiledCodeHeapSize                  = 122031976                              {pd product} {ergonomic}
    uintx ProfiledCodeHeapSize                     = 122031976                              {pd product} {ergonomic}
    uintx ReservedCodeCacheSize                    = 251658240                              {pd product} {ergonomic}
     bool SegmentedCodeCache                       = true                                      {product} {ergonomic}
     bool UseCompressedClassPointers               = true                                 {lp64_product} {ergonomic}
     bool UseCompressedOops                        = true                                 {lp64_product} {ergonomic}
     bool UseG1GC                                  = true                                      {product} {ergonomic}
     bool UseLargePagesIndividualAllocation        = false                                  {pd product} {ergonomic}

Logging:
Log output configuration:
 #0: stdout all=warning uptime,level,tags
 #1: stderr all=off uptime,level,tags

Environment Variables:
PATH=C:\Program Files\NVIDIA GPU Computing Toolkit\CUDA\v11.7\bin;C:\Program Files\NVIDIA GPU Computing Toolkit\CUDA\v11.7\libnvvp;;C:\Program Files\NVIDIA GPU Computing Toolkit\CUDA\v11.3\bin;C:\Program Files\NVIDIA GPU Computing Toolkit\CUDA\v11.3\libnvvp;C:\Program Files\Eclipse Adoptium\jdk-17.0.3.7-hotspot\bin;C:\Program Files\Common Files\Oracle\Java\javapath;C:\Program Files (x86)\Common Files\Oracle\Java\javapath;C:\Windows\system32;C:\Windows;C:\Windows\System32\Wbem;C:\Windows\System32\WindowsPowerShell\v1.0\;C:\Windows\System32\OpenSSH\;C:\Program Files\Git\cmd;C:\Program Files\dotnet\;C:\Program Files\NVIDIA Corporation\NVIDIA NvDLISR;C:\Program Files (x86)\NVIDIA Corporation\PhysX\Common;C:\Program Files\NVIDIA Corporation\Nsight Compute 2022.2.1\;C:\Users\felom\AppData\Local\Programs\Python\Python310\Scripts\;C:\Users\felom\AppData\Local\Programs\Python\Python310\;C:\Users\felom\AppData\Local\Microsoft\WindowsApps;C:\Program Files\JetBrains\IntelliJ IDEA 2021.3.2\bin;;C:\Users\felom\AppData\Local\GitHubDesktop\bin;C:\Users\felom\AppData\Local\Programs\Microsoft VS Code\bin;C:\Users\felom\AppData\Local\Programs\oh-my-posh\bin;C:\Users\felom\AppData\Local\spicetify
USERNAME=snek
OS=Windows_NT
PROCESSOR_IDENTIFIER=AMD64 Family 23 Model 113 Stepping 0, AuthenticAMD
TMP=C:\Users\felom\AppData\Local\Temp
TEMP=C:\Users\felom\AppData\Local\Temp



---------------  S Y S T E M  ---------------

OS: Windows 11 , 64 bit Build 22000 (10.0.22000.708)
OS uptime: 0 days 19:24 hours
Hyper-V role detected

CPU:total 16 (initial active 16) (16 cores per cpu, 2 threads per core) family 23 model 113 stepping 0 microcode 0x0, cmov, cx8, fxsr, mmx, sse, sse2, sse3, ssse3, sse4.1, sse4.2, popcnt, avx, avx2, aes, clmul, mmxext, 3dnowpref, lzcnt, sse4a, ht, tsc, tscinvbit, tscinv, bmi1, bmi2, adx, sha, fma

Memory: 4k page, system-wide physical 16296M (4557M free)
TotalPageFile size 30632M (AvailPageFile size 6934M)
current process WorkingSet (physical memory assigned to process): 117M, peak: 117M
current process commit charge ("private bytes"): 416M, peak: 416M

vm_info: OpenJDK 64-Bit Server VM (11.0.16+8-LTS) for windows-amd64 JRE (11.0.16+8-LTS), built on Jul 17 2022 01:39:49 by "Administrator" with MS VC++ 15.9 (VS2017)

END.
